checking for -Werror=unknown-warning-option... no
Failed commandline was:
--------------------------------------------------
gcc conftest.c  -Wall -I. -I$(SRCPATH) -D_POSIX_C_SOURCE=200112L  -Werror=unknown-warning-option   -o conftest
cc1: error: '-Werror=unknown-warning-option': no option '-Wunknown-warning-option'
--------------------------------------------------
Failed program was:
--------------------------------------------------
int main (void) {  return 0; }
--------------------------------------------------
checking whether defined(__CYGWIN__) is true... yes
x264 configure script
Command line options: "--prefix=/usr" "--enable-shared" "--disable-avs"

checking whether gcc works... yes
checking whether gcc supports for( int i = 0; i < 9; i++ ); with -std=gnu99... yes
checking for -mpreferred-stack-boundary=6... yes
checking whether nasm supports vmovdqa32 [eax]{k1}{z}, zmm0... yes
checking whether gcc supports __asm__("pabsw %xmm0, %xmm0");... yes
checking for pthread_create(0,0,0,0); in pthread.h... yes
checking for log2f(2); in math.h... yes
checking for strtok_r(0, 0, 0); in string.h... yes
checking whether defined(MAP_PRIVATE) is true... yes
checking for packages: libswscale libavutil... no
Failed commandline was:
--------------------------------------------------
pkg-config --exists libswscale libavutil
--------------------------------------------------
checking for sws_init_context(0,0,0); in libswscale/swscale.h... no
Failed commandline was:
--------------------------------------------------
gcc conftest.c -m32  -Wall -I. -I$(SRCPATH) -D_POSIX_C_SOURCE=200112L -march=i686 -mfpmath=sse -msse -msse2 -std=gnu99 -D_GNU_SOURCE -mpreferred-stack-boundary=6   -lswscale -lavutil  -m32   -Wl,--large-address-aware -Wl,--dynamicbase,--nxcompat,--tsaware -lpthread -o conftest
conftest.c:1:10: fatal error: libswscale/swscale.h: No such file or directory
    1 | #include <libswscale/swscale.h>
      |          ^~~~~~~~~~~~~~~~~~~~~~
compilation terminated.
--------------------------------------------------
Failed program was:
--------------------------------------------------
#include <libswscale/swscale.h>
int main (void) { sws_init_context(0,0,0); return 0; }
--------------------------------------------------
checking for packages: libavformat libavcodec libavutil... no
Failed commandline was:
--------------------------------------------------
pkg-config --exists libavformat libavcodec libavutil
--------------------------------------------------
checking for -lavformat... no
Failed commandline was:
--------------------------------------------------
gcc conftest.c -m32  -Wall -I. -I$(SRCPATH) -D_POSIX_C_SOURCE=200112L -march=i686 -mfpmath=sse -msse -msse2 -std=gnu99 -D_GNU_SOURCE -mpreferred-stack-boundary=6  -lavformat  -m32   -Wl,--large-address-aware -Wl,--dynamicbase,--nxcompat,--tsaware -lpthread -o conftest
/usr/lib/gcc/i686-pc-cygwin/10/../../../../i686-pc-cygwin/bin/ld: cannot find -lavformat
collect2: error: ld returned 1 exit status
--------------------------------------------------
Failed program was:
--------------------------------------------------
int main (void) {  return 0; }
--------------------------------------------------
checking for av_register_all(); in libavformat/avformat.h... no
Failed commandline was:
--------------------------------------------------
gcc conftest.c -m32  -Wall -I. -I$(SRCPATH) -D_POSIX_C_SOURCE=200112L -march=i686 -mfpmath=sse -msse -msse2 -std=gnu99 -D_GNU_SOURCE -mpreferred-stack-boundary=6     -m32   -Wl,--large-address-aware -Wl,--dynamicbase,--nxcompat,--tsaware -lpthread -o conftest
conftest.c:1:10: fatal error: libavformat/avformat.h: No such file or directory
    1 | #include <libavformat/avformat.h>
      |          ^~~~~~~~~~~~~~~~~~~~~~~~
compilation terminated.
--------------------------------------------------
Failed program was:
--------------------------------------------------
#include <libavformat/avformat.h>
int main (void) { av_register_all(); return 0; }
--------------------------------------------------
checking for packages: ffms2... no
Failed commandline was:
--------------------------------------------------
pkg-config --exists ffms2
--------------------------------------------------
checking for FFMS_DestroyVideoSource(0); in ffms.h... no
Failed commandline was:
--------------------------------------------------
gcc conftest.c -m32  -Wall -I. -I$(SRCPATH) -D_POSIX_C_SOURCE=200112L -march=i686 -mfpmath=sse -msse -msse2 -std=gnu99 -D_GNU_SOURCE -mpreferred-stack-boundary=6   -lffms2  -m32   -Wl,--large-address-aware -Wl,--dynamicbase,--nxcompat,--tsaware -lpthread -o conftest
conftest.c:1:10: fatal error: ffms.h: No such file or directory
    1 | #include <ffms.h>
      |          ^~~~~~~~
compilation terminated.
--------------------------------------------------
Failed program was:
--------------------------------------------------
#include <ffms.h>
int main (void) { FFMS_DestroyVideoSource(0); return 0; }
--------------------------------------------------
checking for FFMS_DestroyVideoSource(0); in ffms.h... no
Failed commandline was:
--------------------------------------------------
gcc conftest.c -m32  -Wall -I. -I$(SRCPATH) -D_POSIX_C_SOURCE=200112L -march=i686 -mfpmath=sse -msse -msse2 -std=gnu99 -D_GNU_SOURCE -mpreferred-stack-boundary=6   -lffms2 -lstdc++   -m32   -Wl,--large-address-aware -Wl,--dynamicbase,--nxcompat,--tsaware -lpthread -o conftest
conftest.c:1:10: fatal error: ffms.h: No such file or directory
    1 | #include <ffms.h>
      |          ^~~~~~~~
compilation terminated.
--------------------------------------------------
Failed program was:
--------------------------------------------------
#include <ffms.h>
int main (void) { FFMS_DestroyVideoSource(0); return 0; }
--------------------------------------------------
checking for packages: liblsmash... no
Failed commandline was:
--------------------------------------------------
pkg-config --exists liblsmash
--------------------------------------------------
checking for lsmash_destroy_root(0); in lsmash.h... no
Failed commandline was:
--------------------------------------------------
gcc conftest.c -m32  -Wall -I. -I$(SRCPATH) -D_POSIX_C_SOURCE=200112L -march=i686 -mfpmath=sse -msse -msse2 -std=gnu99 -D_GNU_SOURCE -mpreferred-stack-boundary=6   -llsmash  -m32   -Wl,--large-address-aware -Wl,--dynamicbase,--nxcompat,--tsaware -lpthread -o conftest
conftest.c:1:10: fatal error: lsmash.h: No such file or directory
    1 | #include <lsmash.h>
      |          ^~~~~~~~~~
compilation terminated.
--------------------------------------------------
Failed program was:
--------------------------------------------------
#include <lsmash.h>
int main (void) { lsmash_destroy_root(0); return 0; }
--------------------------------------------------
checking for -lz... yes
checking for gf_isom_close(0); in gpac/isomedia.h... no
Failed commandline was:
--------------------------------------------------
gcc conftest.c -m32  -Wall -I. -I$(SRCPATH) -D_POSIX_C_SOURCE=200112L -march=i686 -mfpmath=sse -msse -msse2 -std=gnu99 -D_GNU_SOURCE -mpreferred-stack-boundary=6  -lgpac_static -lz  -m32   -Wl,--large-address-aware -Wl,--dynamicbase,--nxcompat,--tsaware -lpthread -o conftest
conftest.c:1:10: fatal error: gpac/isomedia.h: No such file or directory
    1 | #include <gpac/isomedia.h>
      |          ^~~~~~~~~~~~~~~~~
compilation terminated.
--------------------------------------------------
Failed program was:
--------------------------------------------------
#include <gpac/isomedia.h>
int main (void) { gf_isom_close(0); return 0; }
--------------------------------------------------
checking for uint32_t test_vec __attribute__ ((vector_size (16))) = {0,1,2,3}; in stdint.h... yes
checking for -fno-tree-vectorize... yes
checking for fseeko(stdin,0,0); in stdio.h... yes
checking for -Wshadow... yes
checking for -Wmaybe-uninitialized... yes
checking for LoadLibraryW(0); in windows.h... yes

platform:      X86
byte order:    little-endian
system:        CYGWIN
cli:           yes
libx264:       internal
shared:        yes
static:        no
asm:           yes
interlaced:    yes
avs:           no
lavf:          no
ffms:          no
mp4:           no
gpl:           yes
thread:        posix
opencl:        yes
filters:       crop select_every
lto:           no
debug:         no
gprof:         no
strip:         no
PIC:           no
bit depth:     all
chroma format: all
