This file contains any messages produced by compilers while
running configure, to aid debugging if configure makes a mistake.

It was created by configure, which was
generated by GNU Autoconf 2.62 (OpenPKG-CURRENT).  Invocation command line was

  $ ./configure 

## --------- ##
## Platform. ##
## --------- ##

hostname = dn-cygwin1
uname -m = i686
uname -r = 3.2.0(0.340/5/3)
uname -s = CYGWIN_NT-10.0-WOW
uname -v = 2021-03-29 08:37

/usr/bin/uname -p = unknown
/bin/uname -X     = unknown

/bin/arch              = i686
/usr/bin/arch -k       = unknown
/usr/convex/getsysinfo = unknown
/usr/bin/hostinfo      = unknown
/bin/machine           = unknown
/usr/bin/oslevel       = unknown
/bin/universe          = unknown

PATH: /cygdrive/c/Windows/system32
PATH: /cygdrive/c/Windows
PATH: /cygdrive/c/Windows/System32/Wbem
PATH: /cygdrive/c/Windows/System32/WindowsPowerShell/v1.0
PATH: /cygdrive/c/Windows/System32/OpenSSH
PATH: /cygdrive/c/Program Files/Git/cmd
PATH: /cygdrive/c/Program Files/TortoiseGit/bin
PATH: /cygdrive/c/Program Files/Hidemaru
PATH: /usr/bin
PATH: /cygdrive/c/Users/admin/AppData/Local/Microsoft/WindowsApps


## ----------- ##
## Core tests. ##
## ----------- ##

configure:2016: checking whether make sets $(MAKE)
configure:2038: result: yes
configure:2095: checking for gcc
configure:2111: found /usr/bin/gcc
configure:2122: result: gcc
configure:2360: checking for C compiler version
configure:2368: gcc --version >&5
gcc (GCC) 10.2.0
Copyright (C) 2020 Free Software Foundation, Inc.
This is free software; see the source for copying conditions.  There is NO
warranty; not even for MERCHANTABILITY or FITNESS FOR A PARTICULAR PURPOSE.

configure:2372: $? = 0
configure:2379: gcc -v >&5
Using built-in specs.
COLLECT_GCC=gcc
COLLECT_LTO_WRAPPER=/usr/lib/gcc/i686-pc-cygwin/10/lto-wrapper.exe
Target: i686-pc-cygwin
Configured with: /mnt/share/cygpkgs/gcc/gcc.x86/src/gcc-10.2.0/configure --srcdir=/mnt/share/cygpkgs/gcc/gcc.x86/src/gcc-10.2.0 --prefix=/usr --exec-prefix=/usr --localstatedir=/var --sysconfdir=/etc --docdir=/usr/share/doc/gcc --htmldir=/usr/share/doc/gcc/html -C --build=i686-pc-cygwin --host=i686-pc-cygwin --target=i686-pc-cygwin --without-libiconv-prefix --without-libintl-prefix --libexecdir=/usr/lib --with-gcc-major-version-only --enable-shared --enable-shared-libgcc --enable-static --enable-version-specific-runtime-libs --enable-bootstrap --enable-__cxa_atexit --with-dwarf2 --with-arch=i686 --with-tune=generic --disable-sjlj-exceptions --enable-languages=c,c++,fortran,lto,objc,obj-c++ --enable-graphite --enable-threads=posix --enable-libatomic --enable-libgomp --enable-libquadmath --enable-libquadmath-support --disable-libssp --enable-libada --disable-symvers --with-gnu-ld --with-gnu-as --with-cloog-include=/usr/include/cloog-isl --without-libiconv-prefix --without-libintl-prefix --with-system-zlib --enable-linker-build-id --with-default-libstdcxx-abi=gcc4-compatible --enable-libstdcxx-filesystem-ts
Thread model: posix
Supported LTO compression algorithms: zlib zstd
gcc version 10.2.0 (GCC) 
configure:2383: $? = 0
configure:2390: gcc -V >&5
gcc: error: unrecognized command-line option '-V'
gcc: fatal error: no input files
compilation terminated.
configure:2394: $? = 1
configure:2417: checking for C compiler default output file name
configure:2439: gcc    conftest.c  >&5
configure:2443: $? = 0
configure:2481: result: a.exe
configure:2498: checking whether the C compiler works
configure:2508: ./a.exe
configure:2512: $? = 0
configure:2529: result: yes
configure:2536: checking whether we are cross compiling
configure:2538: result: no
configure:2541: checking for suffix of executables
configure:2548: gcc -o conftest.exe    conftest.c  >&5
configure:2552: $? = 0
configure:2576: result: .exe
configure:2582: checking for suffix of object files
configure:2608: gcc -c   conftest.c >&5
configure:2612: $? = 0
configure:2635: result: o
configure:2639: checking whether we are using the GNU C compiler
configure:2668: gcc -c   conftest.c >&5
configure:2675: $? = 0
configure:2692: result: yes
configure:2701: checking whether gcc accepts -g
configure:2731: gcc -c -g  conftest.c >&5
configure:2738: $? = 0
configure:2839: result: yes
configure:2856: checking for gcc option to accept ISO C89
configure:2930: gcc  -c -g -O2  conftest.c >&5
configure:2937: $? = 0
configure:2960: result: none needed
configure:3254: checking whether compiler option(s) -pipe work
configure:3283: gcc -c -g -O2 -pipe  conftest.c >&5
configure:3290: $? = 0
configure:3312: result: yes
configure:3328: checking for compilation debug mode
configure:3330: result: disabled
configure:3341: checking how to run the C preprocessor
configure:3381: gcc -E  conftest.c
configure:3388: $? = 0
configure:3419: gcc -E  conftest.c
conftest.c:8:10: fatal error: ac_nonexistent.h: No such file or directory
    8 | #include <ac_nonexistent.h>
      |          ^~~~~~~~~~~~~~~~~~
compilation terminated.
configure:3426: $? = 1
configure: failed program was:
| /* confdefs.h.  */
| #define PACKAGE_NAME ""
| #define PACKAGE_TARNAME ""
| #define PACKAGE_VERSION ""
| #define PACKAGE_STRING ""
| #define PACKAGE_BUGREPORT ""
| /* end confdefs.h.  */
| #include <ac_nonexistent.h>
configure:3459: result: gcc -E
configure:3488: gcc -E  conftest.c
configure:3495: $? = 0
configure:3526: gcc -E  conftest.c
conftest.c:8:10: fatal error: ac_nonexistent.h: No such file or directory
    8 | #include <ac_nonexistent.h>
      |          ^~~~~~~~~~~~~~~~~~
compilation terminated.
configure:3533: $? = 1
configure: failed program was:
| /* confdefs.h.  */
| #define PACKAGE_NAME ""
| #define PACKAGE_TARNAME ""
| #define PACKAGE_VERSION ""
| #define PACKAGE_STRING ""
| #define PACKAGE_BUGREPORT ""
| /* end confdefs.h.  */
| #include <ac_nonexistent.h>
configure:3571: checking for grep that handles long lines and -e
configure:3631: result: /usr/bin/grep
configure:3636: checking for egrep
configure:3700: result: /usr/bin/grep -E
configure:3705: checking for ANSI C header files
configure:3735: gcc -c -O2 -pipe  conftest.c >&5
configure:3742: $? = 0
configure:3841: gcc -o conftest.exe -O2 -pipe   conftest.c  >&5
configure:3845: $? = 0
configure:3851: ./conftest.exe
configure:3855: $? = 0
configure:3873: result: yes
configure:3897: checking for sys/types.h
configure:3918: gcc -c -O2 -pipe  conftest.c >&5
configure:3925: $? = 0
configure:3942: result: yes
configure:3897: checking for sys/stat.h
configure:3918: gcc -c -O2 -pipe  conftest.c >&5
configure:3925: $? = 0
configure:3942: result: yes
configure:3897: checking for stdlib.h
configure:3918: gcc -c -O2 -pipe  conftest.c >&5
configure:3925: $? = 0
configure:3942: result: yes
configure:3897: checking for string.h
configure:3918: gcc -c -O2 -pipe  conftest.c >&5
configure:3925: $? = 0
configure:3942: result: yes
configure:3897: checking for memory.h
configure:3918: gcc -c -O2 -pipe  conftest.c >&5
configure:3925: $? = 0
configure:3942: result: yes
configure:3897: checking for strings.h
configure:3918: gcc -c -O2 -pipe  conftest.c >&5
configure:3925: $? = 0
configure:3942: result: yes
configure:3897: checking for inttypes.h
configure:3918: gcc -c -O2 -pipe  conftest.c >&5
configure:3925: $? = 0
configure:3942: result: yes
configure:3897: checking for stdint.h
configure:3918: gcc -c -O2 -pipe  conftest.c >&5
configure:3925: $? = 0
configure:3942: result: yes
configure:3897: checking for unistd.h
configure:3918: gcc -c -O2 -pipe  conftest.c >&5
configure:3925: $? = 0
configure:3942: result: yes
configure:4261: checking whether to build against external Dmalloc library
configure:4272: result: no
configure:5842: checking build system type
configure:5860: result: i686-pc-cygwin
configure:5882: checking host system type
configure:5897: result: i686-pc-cygwin
configure:5919: checking for a sed that does not truncate output
configure:5985: result: /usr/bin/sed
configure:6003: checking for fgrep
configure:6067: result: /usr/bin/grep -F
configure:6102: checking for ld used by gcc
configure:6169: result: /usr/i686-pc-cygwin/bin/ld.exe
configure:6178: checking if the linker (/usr/i686-pc-cygwin/bin/ld.exe) is GNU ld
configure:6193: result: yes
configure:6205: checking for BSD- or MS-compatible name lister (nm)
configure:6254: result: /usr/bin/nm -B
configure:6376: checking the name lister (/usr/bin/nm -B) interface
configure:6383: gcc -c -O2 -pipe  conftest.c >&5
configure:6386: /usr/bin/nm -B "conftest.o"
configure:6389: output
00000000 b .bss
00000000 d .data
00000000 r .rdata$zzz
00000000 t .text
00000000 B _some_variable
configure:6396: result: BSD nm
configure:6399: checking whether ln -s works
configure:6403: result: yes
configure:6411: checking the maximum length of command line arguments
configure:6531: result: 8192
configure:6548: checking whether the shell understands some XSI constructs
configure:6558: result: yes
configure:6562: checking whether the shell understands "+="
configure:6568: result: yes
configure:6603: checking for /usr/i686-pc-cygwin/bin/ld.exe option to reload object files
configure:6610: result: -r
configure:6637: checking how to recognize dependent libraries
configure:6827: result: file_magic ^x86 archive import|^x86 DLL
configure:6887: checking for ar
configure:6903: found /usr/bin/ar
configure:6914: result: ar
configure:6996: checking for strip
configure:7012: found /usr/bin/strip
configure:7023: result: strip
configure:7099: checking for ranlib
configure:7115: found /usr/bin/ranlib
configure:7126: result: ranlib
configure:7220: checking command to parse /usr/bin/nm -B output from gcc object
configure:7338: gcc -c -O2 -pipe  conftest.c >&5
configure:7341: $? = 0
configure:7345: /usr/bin/nm -B conftest.o \| sed -n -e 's/^.*[	 ]\([ABCDGIRSTW][ABCDGIRSTW]*\)[	 ][	 ]*\([_A-Za-z][_A-Za-z0-9]*\)$/\1 \2 \2/p' \> conftest.nm
configure:7348: $? = 0
cannot find nm_test_var in conftest.nm
configure:7338: gcc -c -O2 -pipe  conftest.c >&5
configure:7341: $? = 0
configure:7345: /usr/bin/nm -B conftest.o \| sed -n -e 's/^.*[	 ]\([ABCDGIRSTW][ABCDGIRSTW]*\)[	 ][	 ]*_\([_A-Za-z][_A-Za-z0-9]*\)$/\1 _\2 \2/p' \> conftest.nm
configure:7348: $? = 0
cannot find nm_test_var in conftest.nm
configure:7440: result: failed
configure:8328: checking for dlfcn.h
configure:8349: gcc -c -O2 -pipe  conftest.c >&5
configure:8356: $? = 0
configure:8373: result: yes
configure:8558: checking for objdir
configure:8573: result: .libs
configure:8869: checking if gcc supports -fno-rtti -fno-exceptions
configure:8887: gcc -c -O2 -pipe  -fno-rtti -fno-exceptions conftest.c >&5
cc1: warning: command-line option '-fno-rtti' is valid for C++/D/ObjC++ but not for C
configure:8891: $? = 0
configure:8904: result: no
configure:8924: checking for gcc option to produce PIC
configure:9181: result: -DDLL_EXPORT -DPIC
configure:9193: checking if gcc PIC flag -DDLL_EXPORT -DPIC works
configure:9211: gcc -c -O2 -pipe  -DDLL_EXPORT -DPIC -DPIC conftest.c >&5
configure:9215: $? = 0
configure:9228: result: yes
configure:9252: checking if gcc static flag -static works
configure:9280: result: yes
configure:9295: checking if gcc supports -c -o file.o
configure:9316: gcc -c -O2 -pipe  -o out/conftest2.o conftest.c >&5
configure:9320: $? = 0
configure:9342: result: yes
configure:9350: checking if gcc supports -c -o file.o
configure:9397: result: yes
configure:9430: checking whether the gcc linker (/usr/i686-pc-cygwin/bin/ld.exe) supports shared libraries
configure:10496: result: yes
configure:10533: checking whether -lc should be explicitly linked in
configure:10538: gcc -c -O2 -pipe  conftest.c >&5
configure:10541: $? = 0
configure:10556: gcc -shared conftest.o  -v -o ./conftest -Wl,--enable-auto-image-base -Xlinker --out-implib -Xlinker conftest 2\>\&1 \| /usr/bin/grep  -lc  \>/dev/null 2\>\&1
configure:10559: $? = 1
configure:10571: result: yes
configure:10735: checking dynamic linker characteristics
configure:11418: result: Win32 ld.exe
configure:11520: checking how to hardcode library paths into programs
configure:11545: result: immediate
configure:12386: checking whether stripping libraries is possible
configure:12391: result: yes
configure:12426: checking if libtool supports shared libraries
configure:12428: result: yes
configure:12431: checking whether to build shared libraries
configure:12452: result: yes
configure:12455: checking whether to build static libraries
configure:12459: result: yes
configure:12560: checking for g++
configure:12576: found /usr/bin/g++
configure:12587: result: g++
configure:12618: checking for C++ compiler version
configure:12626: g++ --version >&5
g++ (GCC) 10.2.0
Copyright (C) 2020 Free Software Foundation, Inc.
This is free software; see the source for copying conditions.  There is NO
warranty; not even for MERCHANTABILITY or FITNESS FOR A PARTICULAR PURPOSE.

configure:12630: $? = 0
configure:12637: g++ -v >&5
Using built-in specs.
COLLECT_GCC=g++
COLLECT_LTO_WRAPPER=/usr/lib/gcc/i686-pc-cygwin/10/lto-wrapper.exe
Target: i686-pc-cygwin
Configured with: /mnt/share/cygpkgs/gcc/gcc.x86/src/gcc-10.2.0/configure --srcdir=/mnt/share/cygpkgs/gcc/gcc.x86/src/gcc-10.2.0 --prefix=/usr --exec-prefix=/usr --localstatedir=/var --sysconfdir=/etc --docdir=/usr/share/doc/gcc --htmldir=/usr/share/doc/gcc/html -C --build=i686-pc-cygwin --host=i686-pc-cygwin --target=i686-pc-cygwin --without-libiconv-prefix --without-libintl-prefix --libexecdir=/usr/lib --with-gcc-major-version-only --enable-shared --enable-shared-libgcc --enable-static --enable-version-specific-runtime-libs --enable-bootstrap --enable-__cxa_atexit --with-dwarf2 --with-arch=i686 --with-tune=generic --disable-sjlj-exceptions --enable-languages=c,c++,fortran,lto,objc,obj-c++ --enable-graphite --enable-threads=posix --enable-libatomic --enable-libgomp --enable-libquadmath --enable-libquadmath-support --disable-libssp --enable-libada --disable-symvers --with-gnu-ld --with-gnu-as --with-cloog-include=/usr/include/cloog-isl --without-libiconv-prefix --without-libintl-prefix --with-system-zlib --enable-linker-build-id --with-default-libstdcxx-abi=gcc4-compatible --enable-libstdcxx-filesystem-ts
Thread model: posix
Supported LTO compression algorithms: zlib zstd
gcc version 10.2.0 (GCC) 
configure:12641: $? = 0
configure:12648: g++ -V >&5
g++: error: unrecognized command-line option '-V'
g++: fatal error: no input files
compilation terminated.
configure:12652: $? = 1
configure:12655: checking whether we are using the GNU C++ compiler
configure:12684: g++ -c   conftest.cpp >&5
configure:12691: $? = 0
configure:12708: result: yes
configure:12717: checking whether g++ accepts -g
configure:12747: g++ -c -g  conftest.cpp >&5
configure:12754: $? = 0
configure:12855: result: yes
configure:12886: checking how to run the C++ preprocessor
configure:12922: g++ -E  conftest.cpp
configure:12929: $? = 0
configure:12960: g++ -E  conftest.cpp
conftest.cpp:20:10: fatal error: ac_nonexistent.h: No such file or directory
   20 | #include <ac_nonexistent.h>
      |          ^~~~~~~~~~~~~~~~~~
compilation terminated.
configure:12967: $? = 1
configure: failed program was:
| /* confdefs.h.  */
| #define PACKAGE_NAME ""
| #define PACKAGE_TARNAME ""
| #define PACKAGE_VERSION ""
| #define PACKAGE_STRING ""
| #define PACKAGE_BUGREPORT ""
| #define STDC_HEADERS 1
| #define HAVE_SYS_TYPES_H 1
| #define HAVE_SYS_STAT_H 1
| #define HAVE_STDLIB_H 1
| #define HAVE_STRING_H 1
| #define HAVE_MEMORY_H 1
| #define HAVE_STRINGS_H 1
| #define HAVE_INTTYPES_H 1
| #define HAVE_STDINT_H 1
| #define HAVE_UNISTD_H 1
| #define HAVE_DLFCN_H 1
| #define LT_OBJDIR ".libs/"
| /* end confdefs.h.  */
| #include <ac_nonexistent.h>
configure:13000: result: g++ -E
configure:13029: g++ -E  conftest.cpp
configure:13036: $? = 0
configure:13067: g++ -E  conftest.cpp
conftest.cpp:20:10: fatal error: ac_nonexistent.h: No such file or directory
   20 | #include <ac_nonexistent.h>
      |          ^~~~~~~~~~~~~~~~~~
compilation terminated.
configure:13074: $? = 1
configure: failed program was:
| /* confdefs.h.  */
| #define PACKAGE_NAME ""
| #define PACKAGE_TARNAME ""
| #define PACKAGE_VERSION ""
| #define PACKAGE_STRING ""
| #define PACKAGE_BUGREPORT ""
| #define STDC_HEADERS 1
| #define HAVE_SYS_TYPES_H 1
| #define HAVE_SYS_STAT_H 1
| #define HAVE_STDLIB_H 1
| #define HAVE_STRING_H 1
| #define HAVE_MEMORY_H 1
| #define HAVE_STRINGS_H 1
| #define HAVE_INTTYPES_H 1
| #define HAVE_STDINT_H 1
| #define HAVE_UNISTD_H 1
| #define HAVE_DLFCN_H 1
| #define LT_OBJDIR ".libs/"
| /* end confdefs.h.  */
| #include <ac_nonexistent.h>
configure:13115: checking for gethostname in -lnsl
configure:13150: gcc -o conftest.exe -O2 -pipe   conftest.c -lnsl   >&5
/usr/lib/gcc/i686-pc-cygwin/10/../../../../i686-pc-cygwin/bin/ld: cannot find -lnsl
collect2: error: ld returned 1 exit status
configure:13157: $? = 1
configure: failed program was:
| /* confdefs.h.  */
| #define PACKAGE_NAME ""
| #define PACKAGE_TARNAME ""
| #define PACKAGE_VERSION ""
| #define PACKAGE_STRING ""
| #define PACKAGE_BUGREPORT ""
| #define STDC_HEADERS 1
| #define HAVE_SYS_TYPES_H 1
| #define HAVE_SYS_STAT_H 1
| #define HAVE_STDLIB_H 1
| #define HAVE_STRING_H 1
| #define HAVE_MEMORY_H 1
| #define HAVE_STRINGS_H 1
| #define HAVE_INTTYPES_H 1
| #define HAVE_STDINT_H 1
| #define HAVE_UNISTD_H 1
| #define HAVE_DLFCN_H 1
| #define LT_OBJDIR ".libs/"
| /* end confdefs.h.  */
| 
| /* Override any GCC internal prototype to avoid an error.
|    Use char because int might match the return type of a GCC
|    builtin and then its argument prototype would still apply.  */
| #ifdef __cplusplus
| extern "C"
| #endif
| char gethostname ();
| int
| main ()
| {
| return gethostname ();
|   ;
|   return 0;
| }
configure:13178: result: no
configure:13191: checking for gethostbyname in -lnsl
configure:13226: gcc -o conftest.exe -O2 -pipe   conftest.c -lnsl   >&5
/usr/lib/gcc/i686-pc-cygwin/10/../../../../i686-pc-cygwin/bin/ld: cannot find -lnsl
collect2: error: ld returned 1 exit status
configure:13233: $? = 1
configure: failed program was:
| /* confdefs.h.  */
| #define PACKAGE_NAME ""
| #define PACKAGE_TARNAME ""
| #define PACKAGE_VERSION ""
| #define PACKAGE_STRING ""
| #define PACKAGE_BUGREPORT ""
| #define STDC_HEADERS 1
| #define HAVE_SYS_TYPES_H 1
| #define HAVE_SYS_STAT_H 1
| #define HAVE_STDLIB_H 1
| #define HAVE_STRING_H 1
| #define HAVE_MEMORY_H 1
| #define HAVE_STRINGS_H 1
| #define HAVE_INTTYPES_H 1
| #define HAVE_STDINT_H 1
| #define HAVE_UNISTD_H 1
| #define HAVE_DLFCN_H 1
| #define LT_OBJDIR ".libs/"
| /* end confdefs.h.  */
| 
| /* Override any GCC internal prototype to avoid an error.
|    Use char because int might match the return type of a GCC
|    builtin and then its argument prototype would still apply.  */
| #ifdef __cplusplus
| extern "C"
| #endif
| char gethostbyname ();
| int
| main ()
| {
| return gethostbyname ();
|   ;
|   return 0;
| }
configure:13254: result: no
configure:13267: checking for accept in -lsocket
configure:13302: gcc -o conftest.exe -O2 -pipe   conftest.c -lsocket   >&5
/usr/lib/gcc/i686-pc-cygwin/10/../../../../i686-pc-cygwin/bin/ld: cannot find -lsocket
collect2: error: ld returned 1 exit status
configure:13309: $? = 1
configure: failed program was:
| /* confdefs.h.  */
| #define PACKAGE_NAME ""
| #define PACKAGE_TARNAME ""
| #define PACKAGE_VERSION ""
| #define PACKAGE_STRING ""
| #define PACKAGE_BUGREPORT ""
| #define STDC_HEADERS 1
| #define HAVE_SYS_TYPES_H 1
| #define HAVE_SYS_STAT_H 1
| #define HAVE_STDLIB_H 1
| #define HAVE_STRING_H 1
| #define HAVE_MEMORY_H 1
| #define HAVE_STRINGS_H 1
| #define HAVE_INTTYPES_H 1
| #define HAVE_STDINT_H 1
| #define HAVE_UNISTD_H 1
| #define HAVE_DLFCN_H 1
| #define LT_OBJDIR ".libs/"
| /* end confdefs.h.  */
| 
| /* Override any GCC internal prototype to avoid an error.
|    Use char because int might match the return type of a GCC
|    builtin and then its argument prototype would still apply.  */
| #ifdef __cplusplus
| extern "C"
| #endif
| char accept ();
| int
| main ()
| {
| return accept ();
|   ;
|   return 0;
| }
configure:13330: result: no
configure:13343: checking for va_copy() function
configure:13404: gcc -o conftest.exe -O2 -pipe   conftest.c  >&5
configure:13408: $? = 0
configure:13414: ./conftest.exe
configure:13418: $? = 0
configure:14045: result: yes
configure:14064: checking for sys/types.h
configure:14071: result: yes
configure:14075: checking sys/param.h usability
configure:14092: gcc -c -O2 -pipe  conftest.c >&5
configure:14099: $? = 0
configure:14113: result: yes
configure:14117: checking sys/param.h presence
configure:14132: gcc -E  conftest.c
configure:14139: $? = 0
configure:14153: result: yes
configure:14181: checking for sys/param.h
configure:14190: result: yes
configure:14075: checking sys/time.h usability
configure:14092: gcc -c -O2 -pipe  conftest.c >&5
configure:14099: $? = 0
configure:14113: result: yes
configure:14117: checking sys/time.h presence
configure:14132: gcc -E  conftest.c
configure:14139: $? = 0
configure:14153: result: yes
configure:14181: checking for sys/time.h
configure:14190: result: yes
configure:14075: checking sys/socket.h usability
configure:14092: gcc -c -O2 -pipe  conftest.c >&5
configure:14099: $? = 0
configure:14113: result: yes
configure:14117: checking sys/socket.h presence
configure:14132: gcc -E  conftest.c
configure:14139: $? = 0
configure:14153: result: yes
configure:14181: checking for sys/socket.h
configure:14190: result: yes
configure:14075: checking sys/sockio.h usability
configure:14092: gcc -c -O2 -pipe  conftest.c >&5
conftest.c:59:10: fatal error: sys/sockio.h: No such file or directory
   59 | #include <sys/sockio.h>
      |          ^~~~~~~~~~~~~~
compilation terminated.
configure:14099: $? = 1
configure: failed program was:
| /* confdefs.h.  */
| #define PACKAGE_NAME ""
| #define PACKAGE_TARNAME ""
| #define PACKAGE_VERSION ""
| #define PACKAGE_STRING ""
| #define PACKAGE_BUGREPORT ""
| #define STDC_HEADERS 1
| #define HAVE_SYS_TYPES_H 1
| #define HAVE_SYS_STAT_H 1
| #define HAVE_STDLIB_H 1
| #define HAVE_STRING_H 1
| #define HAVE_MEMORY_H 1
| #define HAVE_STRINGS_H 1
| #define HAVE_INTTYPES_H 1
| #define HAVE_STDINT_H 1
| #define HAVE_UNISTD_H 1
| #define HAVE_DLFCN_H 1
| #define LT_OBJDIR ".libs/"
| #define HAVE_VA_COPY 1
| #define __VA_COPY_USE __VA_COPY_USE_C99
| #define HAVE_SYS_TYPES_H 1
| #define HAVE_SYS_PARAM_H 1
| #define HAVE_SYS_TIME_H 1
| #define HAVE_SYS_SOCKET_H 1
| /* end confdefs.h.  */
| #include <stdio.h>
| #ifdef HAVE_SYS_TYPES_H
| # include <sys/types.h>
| #endif
| #ifdef HAVE_SYS_STAT_H
| # include <sys/stat.h>
| #endif
| #ifdef STDC_HEADERS
| # include <stdlib.h>
| # include <stddef.h>
| #else
| # ifdef HAVE_STDLIB_H
| #  include <stdlib.h>
| # endif
| #endif
| #ifdef HAVE_STRING_H
| # if !defined STDC_HEADERS && defined HAVE_MEMORY_H
| #  include <memory.h>
| # endif
| # include <string.h>
| #endif
| #ifdef HAVE_STRINGS_H
| # include <strings.h>
| #endif
| #ifdef HAVE_INTTYPES_H
| # include <inttypes.h>
| #endif
| #ifdef HAVE_STDINT_H
| # include <stdint.h>
| #endif
| #ifdef HAVE_UNISTD_H
| # include <unistd.h>
| #endif
| #include <sys/sockio.h>
configure:14113: result: no
configure:14117: checking sys/sockio.h presence
configure:14132: gcc -E  conftest.c
conftest.c:26:10: fatal error: sys/sockio.h: No such file or directory
   26 | #include <sys/sockio.h>
      |          ^~~~~~~~~~~~~~
compilation terminated.
configure:14139: $? = 1
configure: failed program was:
| /* confdefs.h.  */
| #define PACKAGE_NAME ""
| #define PACKAGE_TARNAME ""
| #define PACKAGE_VERSION ""
| #define PACKAGE_STRING ""
| #define PACKAGE_BUGREPORT ""
| #define STDC_HEADERS 1
| #define HAVE_SYS_TYPES_H 1
| #define HAVE_SYS_STAT_H 1
| #define HAVE_STDLIB_H 1
| #define HAVE_STRING_H 1
| #define HAVE_MEMORY_H 1
| #define HAVE_STRINGS_H 1
| #define HAVE_INTTYPES_H 1
| #define HAVE_STDINT_H 1
| #define HAVE_UNISTD_H 1
| #define HAVE_DLFCN_H 1
| #define LT_OBJDIR ".libs/"
| #define HAVE_VA_COPY 1
| #define __VA_COPY_USE __VA_COPY_USE_C99
| #define HAVE_SYS_TYPES_H 1
| #define HAVE_SYS_PARAM_H 1
| #define HAVE_SYS_TIME_H 1
| #define HAVE_SYS_SOCKET_H 1
| /* end confdefs.h.  */
| #include <sys/sockio.h>
configure:14153: result: no
configure:14181: checking for sys/sockio.h
configure:14190: result: no
configure:14075: checking sys/ioctl.h usability
configure:14092: gcc -c -O2 -pipe  conftest.c >&5
configure:14099: $? = 0
configure:14113: result: yes
configure:14117: checking sys/ioctl.h presence
configure:14132: gcc -E  conftest.c
configure:14139: $? = 0
configure:14153: result: yes
configure:14181: checking for sys/ioctl.h
configure:14190: result: yes
configure:14075: checking sys/select.h usability
configure:14092: gcc -c -O2 -pipe  conftest.c >&5
configure:14099: $? = 0
configure:14113: result: yes
configure:14117: checking sys/select.h presence
configure:14132: gcc -E  conftest.c
configure:14139: $? = 0
configure:14153: result: yes
configure:14181: checking for sys/select.h
configure:14190: result: yes
configure:14214: checking for netdb.h
configure:14245: gcc -c -O2 -pipe  conftest.c >&5
configure:14252: $? = 0
configure:14269: result: yes
configure:14214: checking for ifaddrs.h
configure:14245: gcc -c -O2 -pipe  conftest.c >&5
configure:14252: $? = 0
configure:14269: result: yes
configure:14214: checking for net/if.h
configure:14245: gcc -c -O2 -pipe  conftest.c >&5
configure:14252: $? = 0
configure:14269: result: yes
configure:14214: checking for net/if_dl.h
configure:14245: gcc -c -O2 -pipe  conftest.c >&5
conftest.c:43:10: fatal error: net/if_dl.h: No such file or directory
   43 | #include <net/if_dl.h>
      |          ^~~~~~~~~~~~~
compilation terminated.
configure:14252: $? = 1
configure: failed program was:
| /* confdefs.h.  */
| #define PACKAGE_NAME ""
| #define PACKAGE_TARNAME ""
| #define PACKAGE_VERSION ""
| #define PACKAGE_STRING ""
| #define PACKAGE_BUGREPORT ""
| #define STDC_HEADERS 1
| #define HAVE_SYS_TYPES_H 1
| #define HAVE_SYS_STAT_H 1
| #define HAVE_STDLIB_H 1
| #define HAVE_STRING_H 1
| #define HAVE_MEMORY_H 1
| #define HAVE_STRINGS_H 1
| #define HAVE_INTTYPES_H 1
| #define HAVE_STDINT_H 1
| #define HAVE_UNISTD_H 1
| #define HAVE_DLFCN_H 1
| #define LT_OBJDIR ".libs/"
| #define HAVE_VA_COPY 1
| #define __VA_COPY_USE __VA_COPY_USE_C99
| #define HAVE_SYS_TYPES_H 1
| #define HAVE_SYS_PARAM_H 1
| #define HAVE_SYS_TIME_H 1
| #define HAVE_SYS_SOCKET_H 1
| #define HAVE_SYS_IOCTL_H 1
| #define HAVE_SYS_SELECT_H 1
| #define HAVE_NETDB_H 1
| #define HAVE_IFADDRS_H 1
| #define HAVE_NET_IF_H 1
| /* end confdefs.h.  */
| 
| #if HAVE_SYS_TYPES_H
| #include <sys/types.h>
| #endif
| #if HAVE_SYS_SOCKET_H
| #include <sys/socket.h>
| #endif
| #if HAVE_SYS_IOCTL_H
| #include <sys/ioctl.h>
| #endif
| 
| 
| #include <net/if_dl.h>
configure:14269: result: no
configure:14214: checking for net/if_arp.h
configure:14245: gcc -c -O2 -pipe  conftest.c >&5
conftest.c:43:10: fatal error: net/if_arp.h: No such file or directory
   43 | #include <net/if_arp.h>
      |          ^~~~~~~~~~~~~~
compilation terminated.
configure:14252: $? = 1
configure: failed program was:
| /* confdefs.h.  */
| #define PACKAGE_NAME ""
| #define PACKAGE_TARNAME ""
| #define PACKAGE_VERSION ""
| #define PACKAGE_STRING ""
| #define PACKAGE_BUGREPORT ""
| #define STDC_HEADERS 1
| #define HAVE_SYS_TYPES_H 1
| #define HAVE_SYS_STAT_H 1
| #define HAVE_STDLIB_H 1
| #define HAVE_STRING_H 1
| #define HAVE_MEMORY_H 1
| #define HAVE_STRINGS_H 1
| #define HAVE_INTTYPES_H 1
| #define HAVE_STDINT_H 1
| #define HAVE_UNISTD_H 1
| #define HAVE_DLFCN_H 1
| #define LT_OBJDIR ".libs/"
| #define HAVE_VA_COPY 1
| #define __VA_COPY_USE __VA_COPY_USE_C99
| #define HAVE_SYS_TYPES_H 1
| #define HAVE_SYS_PARAM_H 1
| #define HAVE_SYS_TIME_H 1
| #define HAVE_SYS_SOCKET_H 1
| #define HAVE_SYS_IOCTL_H 1
| #define HAVE_SYS_SELECT_H 1
| #define HAVE_NETDB_H 1
| #define HAVE_IFADDRS_H 1
| #define HAVE_NET_IF_H 1
| /* end confdefs.h.  */
| 
| #if HAVE_SYS_TYPES_H
| #include <sys/types.h>
| #endif
| #if HAVE_SYS_SOCKET_H
| #include <sys/socket.h>
| #endif
| #if HAVE_SYS_IOCTL_H
| #include <sys/ioctl.h>
| #endif
| 
| 
| #include <net/if_arp.h>
configure:14269: result: no
configure:14214: checking for netinet/in.h
configure:14245: gcc -c -O2 -pipe  conftest.c >&5
configure:14252: $? = 0
configure:14269: result: yes
configure:14214: checking for arpa/inet.h
configure:14245: gcc -c -O2 -pipe  conftest.c >&5
configure:14252: $? = 0
configure:14269: result: yes
configure:14282: checking for struct timeval
configure:14316: gcc -c -O2 -pipe  conftest.c >&5
configure:14323: $? = 0
configure:14344: result: yes
configure:14355: checking for getifaddrs
configure:14411: gcc -o conftest.exe -O2 -pipe   conftest.c  >&5
configure:14418: $? = 0
configure:14440: result: yes
configure:14355: checking for nanosleep
configure:14411: gcc -o conftest.exe -O2 -pipe   conftest.c  >&5
configure:14418: $? = 0
configure:14440: result: yes
configure:14355: checking for Sleep
configure:14411: gcc -o conftest.exe -O2 -pipe   conftest.c  >&5
/usr/lib/gcc/i686-pc-cygwin/10/../../../../i686-pc-cygwin/bin/ld: /cygdrive/c/Users/admin/AppData/Local/Temp/2/cccKf36y.o:conftest.c:(.text.startup+0xc): undefined reference to `Sleep'
collect2: error: ld returned 1 exit status
configure:14418: $? = 1
configure: failed program was:
| /* confdefs.h.  */
| #define PACKAGE_NAME ""
| #define PACKAGE_TARNAME ""
| #define PACKAGE_VERSION ""
| #define PACKAGE_STRING ""
| #define PACKAGE_BUGREPORT ""
| #define STDC_HEADERS 1
| #define HAVE_SYS_TYPES_H 1
| #define HAVE_SYS_STAT_H 1
| #define HAVE_STDLIB_H 1
| #define HAVE_STRING_H 1
| #define HAVE_MEMORY_H 1
| #define HAVE_STRINGS_H 1
| #define HAVE_INTTYPES_H 1
| #define HAVE_STDINT_H 1
| #define HAVE_UNISTD_H 1
| #define HAVE_DLFCN_H 1
| #define LT_OBJDIR ".libs/"
| #define HAVE_VA_COPY 1
| #define __VA_COPY_USE __VA_COPY_USE_C99
| #define HAVE_SYS_TYPES_H 1
| #define HAVE_SYS_PARAM_H 1
| #define HAVE_SYS_TIME_H 1
| #define HAVE_SYS_SOCKET_H 1
| #define HAVE_SYS_IOCTL_H 1
| #define HAVE_SYS_SELECT_H 1
| #define HAVE_NETDB_H 1
| #define HAVE_IFADDRS_H 1
| #define HAVE_NET_IF_H 1
| #define HAVE_NETINET_IN_H 1
| #define HAVE_ARPA_INET_H 1
| #define HAVE_STRUCT_TIMEVAL 1
| #define HAVE_GETIFADDRS 1
| #define HAVE_NANOSLEEP 1
| /* end confdefs.h.  */
| /* Define Sleep to an innocuous variant, in case <limits.h> declares Sleep.
|    For example, HP-UX 11i <limits.h> declares gettimeofday.  */
| #define Sleep innocuous_Sleep
| 
| /* System header to define __stub macros and hopefully few prototypes,
|     which can conflict with char Sleep (); below.
|     Prefer <limits.h> to <assert.h> if __STDC__ is defined, since
|     <limits.h> exists even on freestanding compilers.  */
| 
| #ifdef __STDC__
| # include <limits.h>
| #else
| # include <assert.h>
| #endif
| 
| #undef Sleep
| 
| /* Override any GCC internal prototype to avoid an error.
|    Use char because int might match the return type of a GCC
|    builtin and then its argument prototype would still apply.  */
| #ifdef __cplusplus
| extern "C"
| #endif
| char Sleep ();
| /* The GNU C library defines this for functions which it implements
|     to always fail with ENOSYS.  Some functions are actually named
|     something starting with __ and the normal name is an alias.  */
| #if defined __stub_Sleep || defined __stub___Sleep
| choke me
| #endif
| 
| int
| main ()
| {
| return Sleep ();
|   ;
|   return 0;
| }
configure:14440: result: no
configure:14355: checking for gettimeofday
configure:14411: gcc -o conftest.exe -O2 -pipe   conftest.c  >&5
configure:14418: $? = 0
configure:14440: result: yes
configure:14355: checking for clock_gettime
configure:14411: gcc -o conftest.exe -O2 -pipe   conftest.c  >&5
configure:14418: $? = 0
configure:14440: result: yes
configure:14452: checking for long long
configure:14480: gcc -c -O2 -pipe  conftest.c >&5
configure:14487: $? = 0
configure:14514: gcc -c -O2 -pipe  conftest.c >&5
conftest.c: In function 'main':
conftest.c:74:24: error: expected expression before ')' token
   74 | if (sizeof ((long long)))
      |                        ^
configure:14521: $? = 1
configure: failed program was:
| /* confdefs.h.  */
| #define PACKAGE_NAME ""
| #define PACKAGE_TARNAME ""
| #define PACKAGE_VERSION ""
| #define PACKAGE_STRING ""
| #define PACKAGE_BUGREPORT ""
| #define STDC_HEADERS 1
| #define HAVE_SYS_TYPES_H 1
| #define HAVE_SYS_STAT_H 1
| #define HAVE_STDLIB_H 1
| #define HAVE_STRING_H 1
| #define HAVE_MEMORY_H 1
| #define HAVE_STRINGS_H 1
| #define HAVE_INTTYPES_H 1
| #define HAVE_STDINT_H 1
| #define HAVE_UNISTD_H 1
| #define HAVE_DLFCN_H 1
| #define LT_OBJDIR ".libs/"
| #define HAVE_VA_COPY 1
| #define __VA_COPY_USE __VA_COPY_USE_C99
| #define HAVE_SYS_TYPES_H 1
| #define HAVE_SYS_PARAM_H 1
| #define HAVE_SYS_TIME_H 1
| #define HAVE_SYS_SOCKET_H 1
| #define HAVE_SYS_IOCTL_H 1
| #define HAVE_SYS_SELECT_H 1
| #define HAVE_NETDB_H 1
| #define HAVE_IFADDRS_H 1
| #define HAVE_NET_IF_H 1
| #define HAVE_NETINET_IN_H 1
| #define HAVE_ARPA_INET_H 1
| #define HAVE_STRUCT_TIMEVAL 1
| #define HAVE_GETIFADDRS 1
| #define HAVE_NANOSLEEP 1
| #define HAVE_GETTIMEOFDAY 1
| #define HAVE_CLOCK_GETTIME 1
| /* end confdefs.h.  */
| #include <stdio.h>
| #ifdef HAVE_SYS_TYPES_H
| # include <sys/types.h>
| #endif
| #ifdef HAVE_SYS_STAT_H
| # include <sys/stat.h>
| #endif
| #ifdef STDC_HEADERS
| # include <stdlib.h>
| # include <stddef.h>
| #else
| # ifdef HAVE_STDLIB_H
| #  include <stdlib.h>
| # endif
| #endif
| #ifdef HAVE_STRING_H
| # if !defined STDC_HEADERS && defined HAVE_MEMORY_H
| #  include <memory.h>
| # endif
| # include <string.h>
| #endif
| #ifdef HAVE_STRINGS_H
| # include <strings.h>
| #endif
| #ifdef HAVE_INTTYPES_H
| # include <inttypes.h>
| #endif
| #ifdef HAVE_STDINT_H
| # include <stdint.h>
| #endif
| #ifdef HAVE_UNISTD_H
| # include <unistd.h>
| #endif
| int
| main ()
| {
| if (sizeof ((long long)))
| 	  return 0;
|   ;
|   return 0;
| }
configure:14544: result: yes
configure:14554: checking for long double
configure:14582: gcc -c -O2 -pipe  conftest.c >&5
configure:14589: $? = 0
configure:14616: gcc -c -O2 -pipe  conftest.c >&5
conftest.c: In function 'main':
conftest.c:75:26: error: expected expression before ')' token
   75 | if (sizeof ((long double)))
      |                          ^
configure:14623: $? = 1
configure: failed program was:
| /* confdefs.h.  */
| #define PACKAGE_NAME ""
| #define PACKAGE_TARNAME ""
| #define PACKAGE_VERSION ""
| #define PACKAGE_STRING ""
| #define PACKAGE_BUGREPORT ""
| #define STDC_HEADERS 1
| #define HAVE_SYS_TYPES_H 1
| #define HAVE_SYS_STAT_H 1
| #define HAVE_STDLIB_H 1
| #define HAVE_STRING_H 1
| #define HAVE_MEMORY_H 1
| #define HAVE_STRINGS_H 1
| #define HAVE_INTTYPES_H 1
| #define HAVE_STDINT_H 1
| #define HAVE_UNISTD_H 1
| #define HAVE_DLFCN_H 1
| #define LT_OBJDIR ".libs/"
| #define HAVE_VA_COPY 1
| #define __VA_COPY_USE __VA_COPY_USE_C99
| #define HAVE_SYS_TYPES_H 1
| #define HAVE_SYS_PARAM_H 1
| #define HAVE_SYS_TIME_H 1
| #define HAVE_SYS_SOCKET_H 1
| #define HAVE_SYS_IOCTL_H 1
| #define HAVE_SYS_SELECT_H 1
| #define HAVE_NETDB_H 1
| #define HAVE_IFADDRS_H 1
| #define HAVE_NET_IF_H 1
| #define HAVE_NETINET_IN_H 1
| #define HAVE_ARPA_INET_H 1
| #define HAVE_STRUCT_TIMEVAL 1
| #define HAVE_GETIFADDRS 1
| #define HAVE_NANOSLEEP 1
| #define HAVE_GETTIMEOFDAY 1
| #define HAVE_CLOCK_GETTIME 1
| #define HAVE_LONG_LONG 1
| /* end confdefs.h.  */
| #include <stdio.h>
| #ifdef HAVE_SYS_TYPES_H
| # include <sys/types.h>
| #endif
| #ifdef HAVE_SYS_STAT_H
| # include <sys/stat.h>
| #endif
| #ifdef STDC_HEADERS
| # include <stdlib.h>
| # include <stddef.h>
| #else
| # ifdef HAVE_STDLIB_H
| #  include <stdlib.h>
| # endif
| #endif
| #ifdef HAVE_STRING_H
| # if !defined STDC_HEADERS && defined HAVE_MEMORY_H
| #  include <memory.h>
| # endif
| # include <string.h>
| #endif
| #ifdef HAVE_STRINGS_H
| # include <strings.h>
| #endif
| #ifdef HAVE_INTTYPES_H
| # include <inttypes.h>
| #endif
| #ifdef HAVE_STDINT_H
| # include <stdint.h>
| #endif
| #ifdef HAVE_UNISTD_H
| # include <unistd.h>
| #endif
| int
| main ()
| {
| if (sizeof ((long double)))
| 	  return 0;
|   ;
|   return 0;
| }
configure:14646: result: yes
configure:14661: checking size of char
configure:14964: gcc -o conftest.exe -O2 -pipe   conftest.c  >&5
configure:14968: $? = 0
configure:14974: ./conftest.exe
configure:14978: $? = 0
configure:15002: result: 1
configure:15016: checking size of unsigned char
configure:15319: gcc -o conftest.exe -O2 -pipe   conftest.c  >&5
configure:15323: $? = 0
configure:15329: ./conftest.exe
configure:15333: $? = 0
configure:15357: result: 1
configure:15371: checking size of short
configure:15674: gcc -o conftest.exe -O2 -pipe   conftest.c  >&5
configure:15678: $? = 0
configure:15684: ./conftest.exe
configure:15688: $? = 0
configure:15712: result: 2
configure:15726: checking size of unsigned short
configure:16029: gcc -o conftest.exe -O2 -pipe   conftest.c  >&5
configure:16033: $? = 0
configure:16039: ./conftest.exe
configure:16043: $? = 0
configure:16067: result: 2
configure:16081: checking size of int
configure:16384: gcc -o conftest.exe -O2 -pipe   conftest.c  >&5
configure:16388: $? = 0
configure:16394: ./conftest.exe
configure:16398: $? = 0
configure:16422: result: 4
configure:16436: checking size of unsigned int
configure:16739: gcc -o conftest.exe -O2 -pipe   conftest.c  >&5
configure:16743: $? = 0
configure:16749: ./conftest.exe
configure:16753: $? = 0
configure:16777: result: 4
configure:16791: checking size of long
configure:17094: gcc -o conftest.exe -O2 -pipe   conftest.c  >&5
configure:17098: $? = 0
configure:17104: ./conftest.exe
configure:17108: $? = 0
configure:17132: result: 4
configure:17146: checking size of unsigned long
configure:17449: gcc -o conftest.exe -O2 -pipe   conftest.c  >&5
configure:17453: $? = 0
configure:17459: ./conftest.exe
configure:17463: $? = 0
configure:17487: result: 4
configure:17501: checking size of long long
configure:17804: gcc -o conftest.exe -O2 -pipe   conftest.c  >&5
configure:17808: $? = 0
configure:17814: ./conftest.exe
configure:17818: $? = 0
configure:17842: result: 8
configure:17856: checking size of unsigned long long
configure:18159: gcc -o conftest.exe -O2 -pipe   conftest.c  >&5
configure:18163: $? = 0
configure:18169: ./conftest.exe
configure:18173: $? = 0
configure:18197: result: 8
configure:18216: checking whether to build DCE 1.1 backward compatibility API
configure:18223: result: no
configure:18248: checking whether to build C++ bindings to C API
configure:18255: result: no
configure:21571: checking whether to build Perl bindings to C API
configure:21578: result: no
configure:21588: checking whether to build Perl compatibility API
configure:21595: result: no
configure:21624: checking for perl
configure:21642: found /usr/bin/perl
configure:21655: result: /usr/bin/perl
configure:21677: checking whether to build PHP bindings to C API
configure:21684: result: no
configure:21704: checking for php5
configure:21737: result: no
configure:21704: checking for php
configure:21722: found /usr/bin/php
configure:21734: result: /usr/bin/php
configure:21763: checking whether to build PostgreSQL bindings to C API
configure:21770: result: no
configure:21790: checking for pg_config
configure:21808: found /usr/bin/pg_config
configure:21820: result: /usr/bin/pg_config
configure:21952: creating ./config.status

## ---------------------- ##
## Running config.status. ##
## ---------------------- ##

This file was extended by config.status, which was
generated by GNU Autoconf 2.62 (OpenPKG-CURRENT).  Invocation command line was

  CONFIG_FILES    = 
  CONFIG_HEADERS  = 
  CONFIG_LINKS    = 
  CONFIG_COMMANDS = 
  $ ./config.status 

on dn-cygwin1

config.status:1064: creating Makefile
config.status:1064: creating uuid-config
config.status:1064: creating uuid.pc
config.status:1064: creating uuid.h
config.status:1064: creating config.h
config.status:1293: executing libtool commands
config.status:1293: executing adjustment commands

## ---------------- ##
## Cache variables. ##
## ---------------- ##

ac_cv_build=i686-pc-cygwin
ac_cv_c_compiler_gnu=yes
ac_cv_compiler_option_pipe=yes
ac_cv_cxx_compiler_gnu=yes
ac_cv_env_build_alias_set=
ac_cv_env_build_alias_value=
ac_cv_env_CC_set=
ac_cv_env_CC_value=
ac_cv_env_CCC_set=
ac_cv_env_CCC_value=
ac_cv_env_CFLAGS_set=
ac_cv_env_CFLAGS_value=
ac_cv_env_CPP_set=
ac_cv_env_CPP_value=
ac_cv_env_CPPFLAGS_set=
ac_cv_env_CPPFLAGS_value=
ac_cv_env_CXX_set=
ac_cv_env_CXX_value=
ac_cv_env_CXXCPP_set=
ac_cv_env_CXXCPP_value=
ac_cv_env_CXXFLAGS_set=
ac_cv_env_CXXFLAGS_value=
ac_cv_env_host_alias_set=
ac_cv_env_host_alias_value=
ac_cv_env_LDFLAGS_set=
ac_cv_env_LDFLAGS_value=
ac_cv_env_LIBS_set=
ac_cv_env_LIBS_value=
ac_cv_env_target_alias_set=
ac_cv_env_target_alias_value=
ac_cv_exeext=.exe
ac_cv_func_clock_gettime=yes
ac_cv_func_getifaddrs=yes
ac_cv_func_gettimeofday=yes
ac_cv_func_nanosleep=yes
ac_cv_func_Sleep=no
ac_cv_header_arpa_inet_h=yes
ac_cv_header_dlfcn_h=yes
ac_cv_header_ifaddrs_h=yes
ac_cv_header_inttypes_h=yes
ac_cv_header_memory_h=yes
ac_cv_header_net_if_arp_h=no
ac_cv_header_net_if_dl_h=no
ac_cv_header_net_if_h=yes
ac_cv_header_netdb_h=yes
ac_cv_header_netinet_in_h=yes
ac_cv_header_stdc=yes
ac_cv_header_stdint_h=yes
ac_cv_header_stdlib_h=yes
ac_cv_header_string_h=yes
ac_cv_header_strings_h=yes
ac_cv_header_sys_ioctl_h=yes
ac_cv_header_sys_param_h=yes
ac_cv_header_sys_select_h=yes
ac_cv_header_sys_socket_h=yes
ac_cv_header_sys_sockio_h=no
ac_cv_header_sys_stat_h=yes
ac_cv_header_sys_time_h=yes
ac_cv_header_sys_types_h=yes
ac_cv_header_unistd_h=yes
ac_cv_host=i686-pc-cygwin
ac_cv_lib_nsl_gethostbyname=no
ac_cv_lib_nsl_gethostname=no
ac_cv_lib_socket_accept=no
ac_cv_objext=o
ac_cv_path_EGREP='/usr/bin/grep -E'
ac_cv_path_FGREP='/usr/bin/grep -F'
ac_cv_path_GREP=/usr/bin/grep
ac_cv_path_PERL=/usr/bin/perl
ac_cv_path_PG_CONFIG=/usr/bin/pg_config
ac_cv_path_PHP=/usr/bin/php
ac_cv_path_SED=/usr/bin/sed
ac_cv_prog_ac_ct_AR=ar
ac_cv_prog_ac_ct_CC=gcc
ac_cv_prog_ac_ct_CXX=g++
ac_cv_prog_ac_ct_RANLIB=ranlib
ac_cv_prog_ac_ct_STRIP=strip
ac_cv_prog_cc_c89=
ac_cv_prog_cc_g=yes
ac_cv_prog_CPP='gcc -E'
ac_cv_prog_cxx_g=yes
ac_cv_prog_CXXCPP='g++ -E'
ac_cv_prog_make_make_set=yes
ac_cv_sizeof_char=1
ac_cv_sizeof_int=4
ac_cv_sizeof_long_long=8
ac_cv_sizeof_long=4
ac_cv_sizeof_short=2
ac_cv_sizeof_unsigned_char=1
ac_cv_sizeof_unsigned_int=4
ac_cv_sizeof_unsigned_long_long=8
ac_cv_sizeof_unsigned_long=4
ac_cv_sizeof_unsigned_short=2
ac_cv_type_long_double=yes
ac_cv_type_long_long=yes
ac_cv_va_copy=C99
ac_cv_with_cxx=no
ac_cv_with_dce=no
ac_cv_with_perl_compat=no
ac_cv_with_perl=no
ac_cv_with_pgsql=no
ac_cv_with_php=no
lt_cv_deplibs_check_method='file_magic ^x86 archive import|^x86 DLL'
lt_cv_file_magic_cmd=func_win32_libid
lt_cv_file_magic_test_file=
lt_cv_ld_reload_flag=-r
lt_cv_nm_interface='BSD nm'
lt_cv_objdir=.libs
lt_cv_path_LD=/usr/i686-pc-cygwin/bin/ld.exe
lt_cv_path_NM='/usr/bin/nm -B'
lt_cv_prog_compiler_c_o=yes
lt_cv_prog_compiler_pic_works=yes
lt_cv_prog_compiler_rtti_exceptions=no
lt_cv_prog_compiler_static_works=yes
lt_cv_prog_gnu_ld=yes
lt_cv_sys_global_symbol_pipe=
lt_cv_sys_global_symbol_to_c_name_address_lib_prefix='sed -n -e '\''s/^: \([^ ]*\) $/  {\"\1\", (void *) 0},/p'\'' -e '\''s/^[ABCDGIRSTW]* \([^ ]*\) \(lib[^ ]*\)$/  {"\2", (void *) \&\2},/p'\'' -e '\''s/^[ABCDGIRSTW]* \([^ ]*\) \([^ ]*\)$/  {"lib\2", (void *) \&\2},/p'\'''
lt_cv_sys_global_symbol_to_c_name_address='sed -n -e '\''s/^: \([^ ]*\) $/  {\"\1\", (void *) 0},/p'\'' -e '\''s/^[ABCDGIRSTW]* \([^ ]*\) \([^ ]*\)$/  {"\2", (void *) \&\2},/p'\'''
lt_cv_sys_global_symbol_to_cdecl=
lt_cv_sys_max_cmd_len=8192

## ----------------- ##
## Output variables. ##
## ----------------- ##

ac_ct_CC='gcc'
ac_ct_CXX='g++'
ac_ct_DUMPBIN=''
AR='ar'
bindir='${exec_prefix}/bin'
build_alias=''
build_cpu='i686'
build_os='cygwin'
build_vendor='pc'
build='i686-pc-cygwin'
CC='gcc'
CFLAGS='-O2 -pipe'
CPP='gcc -E'
CPPFLAGS=''
CXX_NAME=''
CXX='g++'
CXXCPP='g++ -E'
CXXFLAGS='-g -O2'
datadir='${datarootdir}'
datarootdir='${prefix}/share'
DCE_NAME=''
DEFS='-DHAVE_CONFIG_H'
docdir='${datarootdir}/doc/${PACKAGE}'
DSYMUTIL=''
DUMPBIN=''
dvidir='${docdir}'
ECHO_C=''
ECHO_N='-n'
ECHO_T=''
EGREP='/usr/bin/grep -E'
exec_prefix='${prefix}'
EXEEXT='.exe'
FGREP='/usr/bin/grep -F'
GREP='/usr/bin/grep'
host_alias=''
host_cpu='i686'
host_os='cygwin'
host_vendor='pc'
host='i686-pc-cygwin'
htmldir='${docdir}'
includedir='${prefix}/include'
infodir='${datarootdir}/info'
LD='/usr/i686-pc-cygwin/bin/ld.exe'
LDFLAGS=''
libdir='${exec_prefix}/lib'
libexecdir='${exec_prefix}/libexec'
LIBOBJS=''
LIBS=''
LIBTOOL='$(SHELL) $(top_builddir)/libtool'
LIPO=''
LN_S='ln -s'
localedir='${datarootdir}/locale'
localstatedir='${prefix}/var'
lt_ECHO='echo'
LTLIBOBJS=''
mandir='${datarootdir}/man'
NM='/usr/bin/nm -B'
NMEDIT=''
OBJEXT='o'
oldincludedir='/usr/include'
OTOOL=''
OTOOL64=''
PACKAGE_BUGREPORT=''
PACKAGE_NAME=''
PACKAGE_STRING=''
PACKAGE_TARNAME=''
PACKAGE_VERSION=''
PATH_SEPARATOR=':'
pdfdir='${docdir}'
PERL_NAME=''
PERL='/usr/bin/perl'
PG_CONFIG='/usr/bin/pg_config'
PGSQL_NAME=''
PHP_NAME=''
PHP='/usr/bin/php'
prefix='/usr/local'
program_transform_name='s,x,x,'
psdir='${docdir}'
RANLIB='ranlib'
sbindir='${exec_prefix}/sbin'
SED='/usr/bin/sed'
SET_MAKE=''
sharedstatedir='${prefix}/com'
SHELL='/bin/sh'
STRIP='strip'
sysconfdir='${prefix}/etc'
target_alias=''
UUID_VERSION_HEX='0x106202'
UUID_VERSION_RAW='1.6.2'
UUID_VERSION_STR='1.6.2 (04-Jul-2008)'
WITH_CXX='no'
WITH_DCE='no'
WITH_PERL_COMPAT='0'
WITH_PERL='no'
WITH_PGSQL='no'
WITH_PHP='no'

## ----------- ##
## confdefs.h. ##
## ----------- ##

#define PACKAGE_NAME ""
#define PACKAGE_TARNAME ""
#define PACKAGE_VERSION ""
#define PACKAGE_STRING ""
#define PACKAGE_BUGREPORT ""
#define STDC_HEADERS 1
#define HAVE_SYS_TYPES_H 1
#define HAVE_SYS_STAT_H 1
#define HAVE_STDLIB_H 1
#define HAVE_STRING_H 1
#define HAVE_MEMORY_H 1
#define HAVE_STRINGS_H 1
#define HAVE_INTTYPES_H 1
#define HAVE_STDINT_H 1
#define HAVE_UNISTD_H 1
#define HAVE_DLFCN_H 1
#define LT_OBJDIR ".libs/"
#define HAVE_VA_COPY 1
#define __VA_COPY_USE __VA_COPY_USE_C99
#define HAVE_SYS_TYPES_H 1
#define HAVE_SYS_PARAM_H 1
#define HAVE_SYS_TIME_H 1
#define HAVE_SYS_SOCKET_H 1
#define HAVE_SYS_IOCTL_H 1
#define HAVE_SYS_SELECT_H 1
#define HAVE_NETDB_H 1
#define HAVE_IFADDRS_H 1
#define HAVE_NET_IF_H 1
#define HAVE_NETINET_IN_H 1
#define HAVE_ARPA_INET_H 1
#define HAVE_STRUCT_TIMEVAL 1
#define HAVE_GETIFADDRS 1
#define HAVE_NANOSLEEP 1
#define HAVE_GETTIMEOFDAY 1
#define HAVE_CLOCK_GETTIME 1
#define HAVE_LONG_LONG 1
#define HAVE_LONG_DOUBLE 1
#define SIZEOF_CHAR 1
#define SIZEOF_UNSIGNED_CHAR 1
#define SIZEOF_SHORT 2
#define SIZEOF_UNSIGNED_SHORT 2
#define SIZEOF_INT 4
#define SIZEOF_UNSIGNED_INT 4
#define SIZEOF_LONG 4
#define SIZEOF_UNSIGNED_LONG 4
#define SIZEOF_LONG_LONG 8
#define SIZEOF_UNSIGNED_LONG_LONG 8

configure: exit 0
