This file contains any messages produced by compilers while
running configure, to aid debugging if configure makes a mistake.

It was created by FAAC configure 1.28, which was
generated by GNU Autoconf 2.69.  Invocation command line was

  $ ./configure --prefix=/usr

## --------- ##
## Platform. ##
## --------- ##

hostname = dn-cygwin1
uname -m = i686
uname -r = 3.2.0(0.340/5/3)
uname -s = CYGWIN_NT-10.0-WOW
uname -v = 2021-03-29 08:37

/usr/bin/uname -p = unknown
/bin/uname -X     = unknown

/bin/arch              = i686
/usr/bin/arch -k       = unknown
/usr/convex/getsysinfo = unknown
/usr/bin/hostinfo      = unknown
/bin/machine           = unknown
/usr/bin/oslevel       = unknown
/bin/universe          = unknown

PATH: /cygdrive/c/Program Files/Git/cmd
PATH: /cygdrive/c/Program Files/TortoiseGit/bin
PATH: /usr/bin
PATH: /cygdrive/c/Windows/system32
PATH: /cygdrive/c/Windows
PATH: /cygdrive/c/Windows/System32/Wbem
PATH: /cygdrive/c/Windows/System32/WindowsPowerShell/v1.0
PATH: /cygdrive/c/Windows/System32/OpenSSH
PATH: /cygdrive/c/Program Files/Hidemaru
PATH: /cygdrive/c/Users/admin/AppData/Local/Microsoft/WindowsApps


## ----------- ##
## Core tests. ##
## ----------- ##

configure:2416: loading site script /usr/share/config.site
| # This is the config.site file to satisfy FHS defaults when installing below
| # /usr.
| #
| # You may override this file by your config.site using the CONFIG_SITE env
| # variable.
| 
| if test -n "$host"; then
|     # skip when cross-compiling
|     return 0
| fi
| 
| if test "$prefix" = /usr \
|    || { test "$prefix" = NONE && test "$ac_default_prefix" = /usr ; }
| then
|     test "$sysconfdir" = '${prefix}/etc' && sysconfdir=/etc || :
|     test "$sharedstatedir" = '${prefix}/com' && sharedstatedir=/var || :
|     test "$localstatedir" = '${prefix}/var' && localstatedir=/var || :
| fi
configure:2556: checking for a BSD-compatible install
configure:2624: result: /usr/bin/install -c
configure:2635: checking whether build environment is sane
configure:2672: result: yes
configure:2734: checking for gawk
configure:2750: found /usr/bin/gawk
configure:2761: result: gawk
configure:2772: checking whether make sets $(MAKE)
configure:2794: result: yes
configure:3044: checking for gcc
configure:3060: found /usr/bin/gcc
configure:3071: result: gcc
configure:3300: checking for C compiler version
configure:3309: gcc --version >&5
gcc (GCC) 10.2.0
Copyright (C) 2020 Free Software Foundation, Inc.
This is free software; see the source for copying conditions.  There is NO
warranty; not even for MERCHANTABILITY or FITNESS FOR A PARTICULAR PURPOSE.

configure:3320: $? = 0
configure:3309: gcc -v >&5
Using built-in specs.
COLLECT_GCC=gcc
COLLECT_LTO_WRAPPER=/usr/lib/gcc/i686-pc-cygwin/10/lto-wrapper.exe
Target: i686-pc-cygwin
Configured with: /mnt/share/cygpkgs/gcc/gcc.x86/src/gcc-10.2.0/configure --srcdir=/mnt/share/cygpkgs/gcc/gcc.x86/src/gcc-10.2.0 --prefix=/usr --exec-prefix=/usr --localstatedir=/var --sysconfdir=/etc --docdir=/usr/share/doc/gcc --htmldir=/usr/share/doc/gcc/html -C --build=i686-pc-cygwin --host=i686-pc-cygwin --target=i686-pc-cygwin --without-libiconv-prefix --without-libintl-prefix --libexecdir=/usr/lib --with-gcc-major-version-only --enable-shared --enable-shared-libgcc --enable-static --enable-version-specific-runtime-libs --enable-bootstrap --enable-__cxa_atexit --with-dwarf2 --with-arch=i686 --with-tune=generic --disable-sjlj-exceptions --enable-languages=c,c++,fortran,lto,objc,obj-c++ --enable-graphite --enable-threads=posix --enable-libatomic --enable-libgomp --enable-libquadmath --enable-libquadmath-support --disable-libssp --enable-libada --disable-symvers --with-gnu-ld --with-gnu-as --with-cloog-include=/usr/include/cloog-isl --without-libiconv-prefix --without-libintl-prefix --with-system-zlib --enable-linker-build-id --with-default-libstdcxx-abi=gcc4-compatible --enable-libstdcxx-filesystem-ts
Thread model: posix
Supported LTO compression algorithms: zlib zstd
gcc version 10.2.0 (GCC) 
configure:3320: $? = 0
configure:3309: gcc -V >&5
gcc: error: unrecognized command-line option '-V'
gcc: fatal error: no input files
compilation terminated.
configure:3320: $? = 1
configure:3309: gcc -qversion >&5
gcc: error: unrecognized command-line option '-qversion'; did you mean '--version'?
gcc: fatal error: no input files
compilation terminated.
configure:3320: $? = 1
configure:3340: checking whether the C compiler works
configure:3362: gcc -O2 -Wall   conftest.c  >&5
configure:3366: $? = 0
configure:3414: result: yes
configure:3417: checking for C compiler default output file name
configure:3419: result: a.exe
configure:3425: checking for suffix of executables
configure:3432: gcc -o conftest.exe -O2 -Wall   conftest.c  >&5
configure:3436: $? = 0
configure:3458: result: .exe
configure:3480: checking whether we are cross compiling
configure:3488: gcc -o conftest.exe -O2 -Wall   conftest.c  >&5
configure:3492: $? = 0
configure:3499: ./conftest.exe
configure:3503: $? = 0
configure:3518: result: no
configure:3523: checking for suffix of object files
configure:3545: gcc -c -O2 -Wall  conftest.c >&5
configure:3549: $? = 0
configure:3570: result: o
configure:3574: checking whether we are using the GNU C compiler
configure:3593: gcc -c -O2 -Wall  conftest.c >&5
configure:3593: $? = 0
configure:3602: result: yes
configure:3611: checking whether gcc accepts -g
configure:3631: gcc -c -g  conftest.c >&5
configure:3631: $? = 0
configure:3672: result: yes
configure:3689: checking for gcc option to accept ISO C89
configure:3752: gcc  -c -O2 -Wall  conftest.c >&5
configure:3752: $? = 0
configure:3765: result: none needed
configure:3796: checking for style of include used by make
configure:3824: result: GNU
configure:3852: checking dependency style of gcc
configure:3942: result: gcc3
configure:4017: checking for g++
configure:4033: found /usr/bin/g++
configure:4044: result: g++
configure:4071: checking for C++ compiler version
configure:4080: g++ --version >&5
g++ (GCC) 10.2.0
Copyright (C) 2020 Free Software Foundation, Inc.
This is free software; see the source for copying conditions.  There is NO
warranty; not even for MERCHANTABILITY or FITNESS FOR A PARTICULAR PURPOSE.

configure:4091: $? = 0
configure:4080: g++ -v >&5
Using built-in specs.
COLLECT_GCC=g++
COLLECT_LTO_WRAPPER=/usr/lib/gcc/i686-pc-cygwin/10/lto-wrapper.exe
Target: i686-pc-cygwin
Configured with: /mnt/share/cygpkgs/gcc/gcc.x86/src/gcc-10.2.0/configure --srcdir=/mnt/share/cygpkgs/gcc/gcc.x86/src/gcc-10.2.0 --prefix=/usr --exec-prefix=/usr --localstatedir=/var --sysconfdir=/etc --docdir=/usr/share/doc/gcc --htmldir=/usr/share/doc/gcc/html -C --build=i686-pc-cygwin --host=i686-pc-cygwin --target=i686-pc-cygwin --without-libiconv-prefix --without-libintl-prefix --libexecdir=/usr/lib --with-gcc-major-version-only --enable-shared --enable-shared-libgcc --enable-static --enable-version-specific-runtime-libs --enable-bootstrap --enable-__cxa_atexit --with-dwarf2 --with-arch=i686 --with-tune=generic --disable-sjlj-exceptions --enable-languages=c,c++,fortran,lto,objc,obj-c++ --enable-graphite --enable-threads=posix --enable-libatomic --enable-libgomp --enable-libquadmath --enable-libquadmath-support --disable-libssp --enable-libada --disable-symvers --with-gnu-ld --with-gnu-as --with-cloog-include=/usr/include/cloog-isl --without-libiconv-prefix --without-libintl-prefix --with-system-zlib --enable-linker-build-id --with-default-libstdcxx-abi=gcc4-compatible --enable-libstdcxx-filesystem-ts
Thread model: posix
Supported LTO compression algorithms: zlib zstd
gcc version 10.2.0 (GCC) 
configure:4091: $? = 0
configure:4080: g++ -V >&5
g++: error: unrecognized command-line option '-V'
g++: fatal error: no input files
compilation terminated.
configure:4091: $? = 1
configure:4080: g++ -qversion >&5
g++: error: unrecognized command-line option '-qversion'; did you mean '--version'?
g++: fatal error: no input files
compilation terminated.
configure:4091: $? = 1
configure:4095: checking whether we are using the GNU C++ compiler
configure:4114: g++ -c   conftest.cpp >&5
configure:4114: $? = 0
configure:4123: result: yes
configure:4132: checking whether g++ accepts -g
configure:4152: g++ -c -g  conftest.cpp >&5
configure:4152: $? = 0
configure:4193: result: yes
configure:4218: checking dependency style of g++
configure:4308: result: gcc3
configure:4354: checking build system type
configure:4368: result: i686-pc-cygwin
configure:4388: checking host system type
configure:4401: result: i686-pc-cygwin
configure:4442: checking how to print strings
configure:4469: result: printf
configure:4490: checking for a sed that does not truncate output
configure:4554: result: /usr/bin/sed
configure:4572: checking for grep that handles long lines and -e
configure:4630: result: /usr/bin/grep
configure:4635: checking for egrep
configure:4697: result: /usr/bin/grep -E
configure:4702: checking for fgrep
configure:4764: result: /usr/bin/grep -F
configure:4799: checking for ld used by gcc
configure:4866: result: /usr/i686-pc-cygwin/bin/ld.exe
configure:4873: checking if the linker (/usr/i686-pc-cygwin/bin/ld.exe) is GNU ld
configure:4888: result: yes
configure:4900: checking for BSD- or MS-compatible name lister (nm)
configure:4954: result: /usr/bin/nm -B
configure:5084: checking the name lister (/usr/bin/nm -B) interface
configure:5091: gcc -c -O2 -Wall  conftest.c >&5
configure:5094: /usr/bin/nm -B "conftest.o"
configure:5097: output
00000000 b .bss
00000000 d .data
00000000 r .rdata$zzz
00000000 t .text
00000000 B _some_variable
configure:5104: result: BSD nm
configure:5107: checking whether ln -s works
configure:5111: result: yes
configure:5119: checking the maximum length of command line arguments
configure:5250: result: 8192
configure:5298: checking how to convert i686-pc-cygwin file names to i686-pc-cygwin format
configure:5338: result: func_convert_file_noop
configure:5345: checking how to convert i686-pc-cygwin file names to toolchain format
configure:5365: result: func_convert_file_noop
configure:5372: checking for /usr/i686-pc-cygwin/bin/ld.exe option to reload object files
configure:5379: result: -r
configure:5453: checking for objdump
configure:5469: found /usr/bin/objdump
configure:5480: result: objdump
configure:5512: checking how to recognize dependent libraries
configure:5712: result: file_magic ^x86 archive import|^x86 DLL
configure:5797: checking for dlltool
configure:5813: found /usr/bin/dlltool
configure:5824: result: dlltool
configure:5857: checking how to associate runtime and link libraries
configure:5884: result: func_cygming_dll_for_implib
configure:5945: checking for ar
configure:5961: found /usr/bin/ar
configure:5972: result: ar
configure:6009: checking for archiver @FILE support
configure:6026: gcc -c -O2 -Wall  conftest.c >&5
configure:6026: $? = 0
configure:6029: ar cru libconftest.a @conftest.lst >&5
configure:6032: $? = 0
configure:6037: ar cru libconftest.a @conftest.lst >&5
ar: conftest.o: No such file or directory
configure:6040: $? = 1
configure:6052: result: @
configure:6110: checking for strip
configure:6126: found /usr/bin/strip
configure:6137: result: strip
configure:6209: checking for ranlib
configure:6225: found /usr/bin/ranlib
configure:6236: result: ranlib
configure:6338: checking command to parse /usr/bin/nm -B output from gcc object
configure:6491: gcc -c -O2 -Wall  conftest.c >&5
configure:6494: $? = 0
configure:6498: /usr/bin/nm -B conftest.o \| sed -n -e 's/^.*[ ]\([ABCDGIRSTW][ABCDGIRSTW]*\)[ ][ ]*\([_A-Za-z][_A-Za-z0-9]*\)$/\1 \2 \2/p' | sed '/ __gnu_lto/d' \> conftest.nm
configure:6501: $? = 0
cannot find nm_test_var in conftest.nm
configure:6491: gcc -c -O2 -Wall  conftest.c >&5
configure:6494: $? = 0
configure:6498: /usr/bin/nm -B conftest.o \| sed -n -e 's/^.*[ ]\([ABCDGIRSTW][ABCDGIRSTW]*\)[ ][ ]*_\([_A-Za-z][_A-Za-z0-9]*\)$/\1 _\2 \2/p' | sed '/ __gnu_lto/d' \> conftest.nm
configure:6501: $? = 0
configure:6567: gcc -o conftest.exe -O2 -Wall   conftest.c conftstm.o >&5
configure:6570: $? = 0
configure:6608: result: ok
configure:6655: checking for sysroot
configure:6685: result: no
configure:6692: checking for a working dd
configure:6730: result: /usr/bin/dd
configure:6734: checking how to truncate binary pipes
configure:6749: result: /usr/bin/dd bs=4096 count=1
configure:7078: checking for mt
configure:7108: result: no
configure:7128: checking if : is a manifest tool
configure:7134: : '-?'
configure:7142: result: no
configure:7819: checking how to run the C preprocessor
configure:7850: gcc -E  conftest.c
configure:7850: $? = 0
configure:7864: gcc -E  conftest.c
conftest.c:11:10: fatal error: ac_nonexistent.h: No such file or directory
   11 | #include <ac_nonexistent.h>
      |          ^~~~~~~~~~~~~~~~~~
compilation terminated.
configure:7864: $? = 1
configure: failed program was:
| /* confdefs.h */
| #define PACKAGE_NAME "FAAC"
| #define PACKAGE_TARNAME "faac"
| #define PACKAGE_VERSION "1.28"
| #define PACKAGE_STRING "FAAC 1.28"
| #define PACKAGE_BUGREPORT "faac-dev@lists.sourceforge.net"
| #define PACKAGE_URL ""
| #define PACKAGE "faac"
| #define VERSION "1.28"
| /* end confdefs.h.  */
| #include <ac_nonexistent.h>
configure:7889: result: gcc -E
configure:7909: gcc -E  conftest.c
configure:7909: $? = 0
configure:7923: gcc -E  conftest.c
conftest.c:11:10: fatal error: ac_nonexistent.h: No such file or directory
   11 | #include <ac_nonexistent.h>
      |          ^~~~~~~~~~~~~~~~~~
compilation terminated.
configure:7923: $? = 1
configure: failed program was:
| /* confdefs.h */
| #define PACKAGE_NAME "FAAC"
| #define PACKAGE_TARNAME "faac"
| #define PACKAGE_VERSION "1.28"
| #define PACKAGE_STRING "FAAC 1.28"
| #define PACKAGE_BUGREPORT "faac-dev@lists.sourceforge.net"
| #define PACKAGE_URL ""
| #define PACKAGE "faac"
| #define VERSION "1.28"
| /* end confdefs.h.  */
| #include <ac_nonexistent.h>
configure:7952: checking for ANSI C header files
configure:7972: gcc -c -O2 -Wall  conftest.c >&5
configure:7972: $? = 0
configure:8045: gcc -o conftest.exe -O2 -Wall   conftest.c  >&5
configure:8045: $? = 0
configure:8045: ./conftest.exe
configure:8045: $? = 0
configure:8056: result: yes
configure:8069: checking for sys/types.h
configure:8069: gcc -c -O2 -Wall  conftest.c >&5
configure:8069: $? = 0
configure:8069: result: yes
configure:8069: checking for sys/stat.h
configure:8069: gcc -c -O2 -Wall  conftest.c >&5
configure:8069: $? = 0
configure:8069: result: yes
configure:8069: checking for stdlib.h
configure:8069: gcc -c -O2 -Wall  conftest.c >&5
configure:8069: $? = 0
configure:8069: result: yes
configure:8069: checking for string.h
configure:8069: gcc -c -O2 -Wall  conftest.c >&5
configure:8069: $? = 0
configure:8069: result: yes
configure:8069: checking for memory.h
configure:8069: gcc -c -O2 -Wall  conftest.c >&5
configure:8069: $? = 0
configure:8069: result: yes
configure:8069: checking for strings.h
configure:8069: gcc -c -O2 -Wall  conftest.c >&5
configure:8069: $? = 0
configure:8069: result: yes
configure:8069: checking for inttypes.h
configure:8069: gcc -c -O2 -Wall  conftest.c >&5
configure:8069: $? = 0
configure:8069: result: yes
configure:8069: checking for stdint.h
configure:8069: gcc -c -O2 -Wall  conftest.c >&5
configure:8069: $? = 0
configure:8069: result: yes
configure:8069: checking for unistd.h
configure:8069: gcc -c -O2 -Wall  conftest.c >&5
configure:8069: $? = 0
configure:8069: result: yes
configure:8083: checking for dlfcn.h
configure:8083: gcc -c -O2 -Wall  conftest.c >&5
configure:8083: $? = 0
configure:8083: result: yes
configure:8350: checking for objdir
configure:8365: result: .libs
configure:8625: checking if gcc supports -fno-rtti -fno-exceptions
configure:8643: gcc -c -O2 -Wall  -fno-rtti -fno-exceptions conftest.c >&5
cc1: warning: command-line option '-fno-rtti' is valid for C++/D/ObjC++ but not for C
configure:8647: $? = 0
configure:8660: result: no
configure:9018: checking for gcc option to produce PIC
configure:9025: result: -DDLL_EXPORT -DPIC
configure:9033: checking if gcc PIC flag -DDLL_EXPORT -DPIC works
configure:9051: gcc -c -O2 -Wall  -DDLL_EXPORT -DPIC -DPIC conftest.c >&5
configure:9055: $? = 0
configure:9068: result: yes
configure:9097: checking if gcc static flag -static works
configure:9125: result: yes
configure:9140: checking if gcc supports -c -o file.o
configure:9161: gcc -c -O2 -Wall  -o out/conftest2.o conftest.c >&5
configure:9165: $? = 0
configure:9187: result: yes
configure:9195: checking if gcc supports -c -o file.o
configure:9242: result: yes
configure:9275: checking whether the gcc linker (/usr/i686-pc-cygwin/bin/ld.exe) supports shared libraries
configure:10534: result: yes
configure:10571: checking whether -lc should be explicitly linked in
configure:10579: gcc -c -O2 -Wall  conftest.c >&5
configure:10582: $? = 0
configure:10597: gcc -shared conftest.o  -v -o ./conftest -Wl,--enable-auto-image-base -Xlinker --out-implib -Xlinker conftest 2\>\&1 \| /usr/bin/grep  -lc  \>/dev/null 2\>\&1
configure:10600: $? = 1
configure:10614: result: yes
configure:10774: checking dynamic linker characteristics
configure:11592: result: Win32 ld.exe
configure:11714: checking how to hardcode library paths into programs
configure:11739: result: immediate
configure:12287: checking whether stripping libraries is possible
configure:12292: result: yes
configure:12327: checking if libtool supports shared libraries
configure:12329: result: yes
configure:12332: checking whether to build shared libraries
configure:12357: result: yes
configure:12360: checking whether to build static libraries
configure:12364: result: yes
configure:12387: checking how to run the C++ preprocessor
configure:12414: g++ -E  conftest.cpp
configure:12414: $? = 0
configure:12428: g++ -E  conftest.cpp
conftest.cpp:23:10: fatal error: ac_nonexistent.h: No such file or directory
   23 | #include <ac_nonexistent.h>
      |          ^~~~~~~~~~~~~~~~~~
compilation terminated.
configure:12428: $? = 1
configure: failed program was:
| /* confdefs.h */
| #define PACKAGE_NAME "FAAC"
| #define PACKAGE_TARNAME "faac"
| #define PACKAGE_VERSION "1.28"
| #define PACKAGE_STRING "FAAC 1.28"
| #define PACKAGE_BUGREPORT "faac-dev@lists.sourceforge.net"
| #define PACKAGE_URL ""
| #define PACKAGE "faac"
| #define VERSION "1.28"
| #define STDC_HEADERS 1
| #define HAVE_SYS_TYPES_H 1
| #define HAVE_SYS_STAT_H 1
| #define HAVE_STDLIB_H 1
| #define HAVE_STRING_H 1
| #define HAVE_MEMORY_H 1
| #define HAVE_STRINGS_H 1
| #define HAVE_INTTYPES_H 1
| #define HAVE_STDINT_H 1
| #define HAVE_UNISTD_H 1
| #define HAVE_DLFCN_H 1
| #define LT_OBJDIR ".libs/"
| /* end confdefs.h.  */
| #include <ac_nonexistent.h>
configure:12453: result: g++ -E
configure:12473: g++ -E  conftest.cpp
configure:12473: $? = 0
configure:12487: g++ -E  conftest.cpp
conftest.cpp:23:10: fatal error: ac_nonexistent.h: No such file or directory
   23 | #include <ac_nonexistent.h>
      |          ^~~~~~~~~~~~~~~~~~
compilation terminated.
configure:12487: $? = 1
configure: failed program was:
| /* confdefs.h */
| #define PACKAGE_NAME "FAAC"
| #define PACKAGE_TARNAME "faac"
| #define PACKAGE_VERSION "1.28"
| #define PACKAGE_STRING "FAAC 1.28"
| #define PACKAGE_BUGREPORT "faac-dev@lists.sourceforge.net"
| #define PACKAGE_URL ""
| #define PACKAGE "faac"
| #define VERSION "1.28"
| #define STDC_HEADERS 1
| #define HAVE_SYS_TYPES_H 1
| #define HAVE_SYS_STAT_H 1
| #define HAVE_STDLIB_H 1
| #define HAVE_STRING_H 1
| #define HAVE_MEMORY_H 1
| #define HAVE_STRINGS_H 1
| #define HAVE_INTTYPES_H 1
| #define HAVE_STDINT_H 1
| #define HAVE_UNISTD_H 1
| #define HAVE_DLFCN_H 1
| #define LT_OBJDIR ".libs/"
| /* end confdefs.h.  */
| #include <ac_nonexistent.h>
configure:12649: checking for ld used by g++
configure:12716: result: /usr/i686-pc-cygwin/bin/ld.exe
configure:12723: checking if the linker (/usr/i686-pc-cygwin/bin/ld.exe) is GNU ld
configure:12738: result: yes
configure:12793: checking whether the g++ linker (/usr/i686-pc-cygwin/bin/ld.exe) supports shared libraries
configure:13866: result: yes
configure:13902: g++ -c -g -O2  conftest.cpp >&5
configure:13905: $? = 0
configure:14386: checking for g++ option to produce PIC
configure:14393: result: -DDLL_EXPORT -DPIC
configure:14401: checking if g++ PIC flag -DDLL_EXPORT -DPIC works
configure:14419: g++ -c -g -O2  -DDLL_EXPORT -DPIC -DPIC conftest.cpp >&5
configure:14423: $? = 0
configure:14436: result: yes
configure:14459: checking if g++ static flag -static works
configure:14487: result: yes
configure:14499: checking if g++ supports -c -o file.o
configure:14520: g++ -c -g -O2  -o out/conftest2.o conftest.cpp >&5
configure:14524: $? = 0
configure:14546: result: yes
configure:14551: checking if g++ supports -c -o file.o
configure:14598: result: yes
configure:14628: checking whether the g++ linker (/usr/i686-pc-cygwin/bin/ld.exe) supports shared libraries
configure:14668: result: yes
configure:14809: checking dynamic linker characteristics
configure:15554: result: Win32 ld.exe
configure:15619: checking how to hardcode library paths into programs
configure:15644: result: immediate
configure:15708: checking getopt.h usability
configure:15708: gcc -c -O2 -Wall  conftest.c >&5
configure:15708: $? = 0
configure:15708: result: yes
configure:15708: checking getopt.h presence
configure:15708: gcc -E  conftest.c
configure:15708: $? = 0
configure:15708: result: yes
configure:15708: checking for getopt.h
configure:15708: result: yes
configure:15719: checking for u_int32_t
configure:15719: gcc -c -O2 -Wall  conftest.c >&5
configure:15719: $? = 0
configure:15719: gcc -c -O2 -Wall  conftest.c >&5
conftest.c: In function 'main':
conftest.c:60:24: error: expected expression before ')' token
   60 | if (sizeof ((u_int32_t)))
      |                        ^
configure:15719: $? = 1
configure: failed program was:
| /* confdefs.h */
| #define PACKAGE_NAME "FAAC"
| #define PACKAGE_TARNAME "faac"
| #define PACKAGE_VERSION "1.28"
| #define PACKAGE_STRING "FAAC 1.28"
| #define PACKAGE_BUGREPORT "faac-dev@lists.sourceforge.net"
| #define PACKAGE_URL ""
| #define PACKAGE "faac"
| #define VERSION "1.28"
| #define STDC_HEADERS 1
| #define HAVE_SYS_TYPES_H 1
| #define HAVE_SYS_STAT_H 1
| #define HAVE_STDLIB_H 1
| #define HAVE_STRING_H 1
| #define HAVE_MEMORY_H 1
| #define HAVE_STRINGS_H 1
| #define HAVE_INTTYPES_H 1
| #define HAVE_STDINT_H 1
| #define HAVE_UNISTD_H 1
| #define HAVE_DLFCN_H 1
| #define LT_OBJDIR ".libs/"
| #define HAVE_GETOPT_H 1
| /* end confdefs.h.  */
| #include <stdio.h>
| #ifdef HAVE_SYS_TYPES_H
| # include <sys/types.h>
| #endif
| #ifdef HAVE_SYS_STAT_H
| # include <sys/stat.h>
| #endif
| #ifdef STDC_HEADERS
| # include <stdlib.h>
| # include <stddef.h>
| #else
| # ifdef HAVE_STDLIB_H
| #  include <stdlib.h>
| # endif
| #endif
| #ifdef HAVE_STRING_H
| # if !defined STDC_HEADERS && defined HAVE_MEMORY_H
| #  include <memory.h>
| # endif
| # include <string.h>
| #endif
| #ifdef HAVE_STRINGS_H
| # include <strings.h>
| #endif
| #ifdef HAVE_INTTYPES_H
| # include <inttypes.h>
| #endif
| #ifdef HAVE_STDINT_H
| # include <stdint.h>
| #endif
| #ifdef HAVE_UNISTD_H
| # include <unistd.h>
| #endif
| int
| main ()
| {
| if (sizeof ((u_int32_t)))
| 	    return 0;
|   ;
|   return 0;
| }
configure:15719: result: yes
configure:15729: checking for u_int16_t
configure:15729: gcc -c -O2 -Wall  conftest.c >&5
configure:15729: $? = 0
configure:15729: gcc -c -O2 -Wall  conftest.c >&5
conftest.c: In function 'main':
conftest.c:61:24: error: expected expression before ')' token
   61 | if (sizeof ((u_int16_t)))
      |                        ^
configure:15729: $? = 1
configure: failed program was:
| /* confdefs.h */
| #define PACKAGE_NAME "FAAC"
| #define PACKAGE_TARNAME "faac"
| #define PACKAGE_VERSION "1.28"
| #define PACKAGE_STRING "FAAC 1.28"
| #define PACKAGE_BUGREPORT "faac-dev@lists.sourceforge.net"
| #define PACKAGE_URL ""
| #define PACKAGE "faac"
| #define VERSION "1.28"
| #define STDC_HEADERS 1
| #define HAVE_SYS_TYPES_H 1
| #define HAVE_SYS_STAT_H 1
| #define HAVE_STDLIB_H 1
| #define HAVE_STRING_H 1
| #define HAVE_MEMORY_H 1
| #define HAVE_STRINGS_H 1
| #define HAVE_INTTYPES_H 1
| #define HAVE_STDINT_H 1
| #define HAVE_UNISTD_H 1
| #define HAVE_DLFCN_H 1
| #define LT_OBJDIR ".libs/"
| #define HAVE_GETOPT_H 1
| #define HAVE_U_INT32_T 1
| /* end confdefs.h.  */
| #include <stdio.h>
| #ifdef HAVE_SYS_TYPES_H
| # include <sys/types.h>
| #endif
| #ifdef HAVE_SYS_STAT_H
| # include <sys/stat.h>
| #endif
| #ifdef STDC_HEADERS
| # include <stdlib.h>
| # include <stddef.h>
| #else
| # ifdef HAVE_STDLIB_H
| #  include <stdlib.h>
| # endif
| #endif
| #ifdef HAVE_STRING_H
| # if !defined STDC_HEADERS && defined HAVE_MEMORY_H
| #  include <memory.h>
| # endif
| # include <string.h>
| #endif
| #ifdef HAVE_STRINGS_H
| # include <strings.h>
| #endif
| #ifdef HAVE_INTTYPES_H
| # include <inttypes.h>
| #endif
| #ifdef HAVE_STDINT_H
| # include <stdint.h>
| #endif
| #ifdef HAVE_UNISTD_H
| # include <unistd.h>
| #endif
| int
| main ()
| {
| if (sizeof ((u_int16_t)))
| 	    return 0;
|   ;
|   return 0;
| }
configure:15729: result: yes
configure:15739: checking for int32_t
configure:15739: gcc -c -O2 -Wall  conftest.c >&5
configure:15739: $? = 0
configure:15739: gcc -c -O2 -Wall  conftest.c >&5
conftest.c: In function 'main':
conftest.c:62:22: error: expected expression before ')' token
   62 | if (sizeof ((int32_t)))
      |                      ^
configure:15739: $? = 1
configure: failed program was:
| /* confdefs.h */
| #define PACKAGE_NAME "FAAC"
| #define PACKAGE_TARNAME "faac"
| #define PACKAGE_VERSION "1.28"
| #define PACKAGE_STRING "FAAC 1.28"
| #define PACKAGE_BUGREPORT "faac-dev@lists.sourceforge.net"
| #define PACKAGE_URL ""
| #define PACKAGE "faac"
| #define VERSION "1.28"
| #define STDC_HEADERS 1
| #define HAVE_SYS_TYPES_H 1
| #define HAVE_SYS_STAT_H 1
| #define HAVE_STDLIB_H 1
| #define HAVE_STRING_H 1
| #define HAVE_MEMORY_H 1
| #define HAVE_STRINGS_H 1
| #define HAVE_INTTYPES_H 1
| #define HAVE_STDINT_H 1
| #define HAVE_UNISTD_H 1
| #define HAVE_DLFCN_H 1
| #define LT_OBJDIR ".libs/"
| #define HAVE_GETOPT_H 1
| #define HAVE_U_INT32_T 1
| #define HAVE_U_INT16_T 1
| /* end confdefs.h.  */
| #include <stdio.h>
| #ifdef HAVE_SYS_TYPES_H
| # include <sys/types.h>
| #endif
| #ifdef HAVE_SYS_STAT_H
| # include <sys/stat.h>
| #endif
| #ifdef STDC_HEADERS
| # include <stdlib.h>
| # include <stddef.h>
| #else
| # ifdef HAVE_STDLIB_H
| #  include <stdlib.h>
| # endif
| #endif
| #ifdef HAVE_STRING_H
| # if !defined STDC_HEADERS && defined HAVE_MEMORY_H
| #  include <memory.h>
| # endif
| # include <string.h>
| #endif
| #ifdef HAVE_STRINGS_H
| # include <strings.h>
| #endif
| #ifdef HAVE_INTTYPES_H
| # include <inttypes.h>
| #endif
| #ifdef HAVE_STDINT_H
| # include <stdint.h>
| #endif
| #ifdef HAVE_UNISTD_H
| # include <unistd.h>
| #endif
| int
| main ()
| {
| if (sizeof ((int32_t)))
| 	    return 0;
|   ;
|   return 0;
| }
configure:15739: result: yes
configure:15749: checking for int16_t
configure:15749: gcc -c -O2 -Wall  conftest.c >&5
configure:15749: $? = 0
configure:15749: gcc -c -O2 -Wall  conftest.c >&5
conftest.c: In function 'main':
conftest.c:63:22: error: expected expression before ')' token
   63 | if (sizeof ((int16_t)))
      |                      ^
configure:15749: $? = 1
configure: failed program was:
| /* confdefs.h */
| #define PACKAGE_NAME "FAAC"
| #define PACKAGE_TARNAME "faac"
| #define PACKAGE_VERSION "1.28"
| #define PACKAGE_STRING "FAAC 1.28"
| #define PACKAGE_BUGREPORT "faac-dev@lists.sourceforge.net"
| #define PACKAGE_URL ""
| #define PACKAGE "faac"
| #define VERSION "1.28"
| #define STDC_HEADERS 1
| #define HAVE_SYS_TYPES_H 1
| #define HAVE_SYS_STAT_H 1
| #define HAVE_STDLIB_H 1
| #define HAVE_STRING_H 1
| #define HAVE_MEMORY_H 1
| #define HAVE_STRINGS_H 1
| #define HAVE_INTTYPES_H 1
| #define HAVE_STDINT_H 1
| #define HAVE_UNISTD_H 1
| #define HAVE_DLFCN_H 1
| #define LT_OBJDIR ".libs/"
| #define HAVE_GETOPT_H 1
| #define HAVE_U_INT32_T 1
| #define HAVE_U_INT16_T 1
| #define HAVE_INT32_T 1
| /* end confdefs.h.  */
| #include <stdio.h>
| #ifdef HAVE_SYS_TYPES_H
| # include <sys/types.h>
| #endif
| #ifdef HAVE_SYS_STAT_H
| # include <sys/stat.h>
| #endif
| #ifdef STDC_HEADERS
| # include <stdlib.h>
| # include <stddef.h>
| #else
| # ifdef HAVE_STDLIB_H
| #  include <stdlib.h>
| # endif
| #endif
| #ifdef HAVE_STRING_H
| # if !defined STDC_HEADERS && defined HAVE_MEMORY_H
| #  include <memory.h>
| # endif
| # include <string.h>
| #endif
| #ifdef HAVE_STRINGS_H
| # include <strings.h>
| #endif
| #ifdef HAVE_INTTYPES_H
| # include <inttypes.h>
| #endif
| #ifdef HAVE_STDINT_H
| # include <stdint.h>
| #endif
| #ifdef HAVE_UNISTD_H
| # include <unistd.h>
| #endif
| int
| main ()
| {
| if (sizeof ((int16_t)))
| 	    return 0;
|   ;
|   return 0;
| }
configure:15749: result: yes
configure:15760: checking whether strcasecmp is declared
configure:15760: gcc -c -O2 -Wall  conftest.c >&5
configure:15760: $? = 0
configure:15760: result: yes
configure:15768: checking for getopt_long in -lgnugetopt
configure:15793: gcc -o conftest.exe -O2 -Wall   conftest.c -lgnugetopt   >&5
/usr/lib/gcc/i686-pc-cygwin/10/../../../../i686-pc-cygwin/bin/ld: cannot find -lgnugetopt
collect2: error: ld returned 1 exit status
configure:15793: $? = 1
configure: failed program was:
| /* confdefs.h */
| #define PACKAGE_NAME "FAAC"
| #define PACKAGE_TARNAME "faac"
| #define PACKAGE_VERSION "1.28"
| #define PACKAGE_STRING "FAAC 1.28"
| #define PACKAGE_BUGREPORT "faac-dev@lists.sourceforge.net"
| #define PACKAGE_URL ""
| #define PACKAGE "faac"
| #define VERSION "1.28"
| #define STDC_HEADERS 1
| #define HAVE_SYS_TYPES_H 1
| #define HAVE_SYS_STAT_H 1
| #define HAVE_STDLIB_H 1
| #define HAVE_STRING_H 1
| #define HAVE_MEMORY_H 1
| #define HAVE_STRINGS_H 1
| #define HAVE_INTTYPES_H 1
| #define HAVE_STDINT_H 1
| #define HAVE_UNISTD_H 1
| #define HAVE_DLFCN_H 1
| #define LT_OBJDIR ".libs/"
| #define HAVE_GETOPT_H 1
| #define HAVE_U_INT32_T 1
| #define HAVE_U_INT16_T 1
| #define HAVE_INT32_T 1
| #define HAVE_INT16_T 1
| #define HAVE_STRCASECMP 1
| /* end confdefs.h.  */
| 
| /* Override any GCC internal prototype to avoid an error.
|    Use char because int might match the return type of a GCC
|    builtin and then its argument prototype would still apply.  */
| #ifdef __cplusplus
| extern "C"
| #endif
| char getopt_long ();
| int
| main ()
| {
| return getopt_long ();
|   ;
|   return 0;
| }
configure:15802: result: no
configure:15825: checking whether MP4Create is declared
configure:15825: gcc -c -O2 -Wall  conftest.c >&5
conftest.c:29:10: fatal error: mp4.h: No such file or directory
   29 | #include <mp4.h>
      |          ^~~~~~~
compilation terminated.
configure:15825: $? = 1
configure: failed program was:
| /* confdefs.h */
| #define PACKAGE_NAME "FAAC"
| #define PACKAGE_TARNAME "faac"
| #define PACKAGE_VERSION "1.28"
| #define PACKAGE_STRING "FAAC 1.28"
| #define PACKAGE_BUGREPORT "faac-dev@lists.sourceforge.net"
| #define PACKAGE_URL ""
| #define PACKAGE "faac"
| #define VERSION "1.28"
| #define STDC_HEADERS 1
| #define HAVE_SYS_TYPES_H 1
| #define HAVE_SYS_STAT_H 1
| #define HAVE_STDLIB_H 1
| #define HAVE_STRING_H 1
| #define HAVE_MEMORY_H 1
| #define HAVE_STRINGS_H 1
| #define HAVE_INTTYPES_H 1
| #define HAVE_STDINT_H 1
| #define HAVE_UNISTD_H 1
| #define HAVE_DLFCN_H 1
| #define LT_OBJDIR ".libs/"
| #define HAVE_GETOPT_H 1
| #define HAVE_U_INT32_T 1
| #define HAVE_U_INT16_T 1
| #define HAVE_INT32_T 1
| #define HAVE_INT16_T 1
| #define HAVE_STRCASECMP 1
| /* end confdefs.h.  */
| #include <mp4.h>
| 
| int
| main ()
| {
| #ifndef MP4Create
| #ifdef __cplusplus
|   (void) MP4Create;
| #else
|   (void) MP4Create;
| #endif
| #endif
| 
|   ;
|   return 0;
| }
configure:15825: result: no
configure:15882: checking whether MP4MetadataDelete is declared
configure:15882: gcc -c -O2 -Wall  conftest.c >&5
conftest.c:30:10: fatal error: mp4.h: No such file or directory
   30 | #include <mp4.h>
      |          ^~~~~~~
compilation terminated.
configure:15882: $? = 1
configure: failed program was:
| /* confdefs.h */
| #define PACKAGE_NAME "FAAC"
| #define PACKAGE_TARNAME "faac"
| #define PACKAGE_VERSION "1.28"
| #define PACKAGE_STRING "FAAC 1.28"
| #define PACKAGE_BUGREPORT "faac-dev@lists.sourceforge.net"
| #define PACKAGE_URL ""
| #define PACKAGE "faac"
| #define VERSION "1.28"
| #define STDC_HEADERS 1
| #define HAVE_SYS_TYPES_H 1
| #define HAVE_SYS_STAT_H 1
| #define HAVE_STDLIB_H 1
| #define HAVE_STRING_H 1
| #define HAVE_MEMORY_H 1
| #define HAVE_STRINGS_H 1
| #define HAVE_INTTYPES_H 1
| #define HAVE_STDINT_H 1
| #define HAVE_UNISTD_H 1
| #define HAVE_DLFCN_H 1
| #define LT_OBJDIR ".libs/"
| #define HAVE_GETOPT_H 1
| #define HAVE_U_INT32_T 1
| #define HAVE_U_INT16_T 1
| #define HAVE_INT32_T 1
| #define HAVE_INT16_T 1
| #define HAVE_STRCASECMP 1
| #define HAVE_DECL_MP4CREATE 0
| /* end confdefs.h.  */
| #include <mp4.h>
| 
| int
| main ()
| {
| #ifndef MP4MetadataDelete
| #ifdef __cplusplus
|   (void) MP4MetadataDelete;
| #else
|   (void) MP4MetadataDelete;
| #endif
| #endif
| 
|   ;
|   return 0;
| }
configure:15882: result: no
configure:15946: *** Building with internal mp4v2 ***
configure:15997: checking whether byte ordering is bigendian
configure:16012: gcc -c -O2 -Wall  conftest.c >&5
conftest.c:33:9: error: unknown type name 'not'
   33 |         not a universal capable compiler
      |         ^~~
conftest.c:33:15: error: expected '=', ',', ';', 'asm' or '__attribute__' before 'universal'
   33 |         not a universal capable compiler
      |               ^~~~~~~~~
conftest.c:33:15: error: unknown type name 'universal'
configure:16012: $? = 1
configure: failed program was:
| /* confdefs.h */
| #define PACKAGE_NAME "FAAC"
| #define PACKAGE_TARNAME "faac"
| #define PACKAGE_VERSION "1.28"
| #define PACKAGE_STRING "FAAC 1.28"
| #define PACKAGE_BUGREPORT "faac-dev@lists.sourceforge.net"
| #define PACKAGE_URL ""
| #define PACKAGE "faac"
| #define VERSION "1.28"
| #define STDC_HEADERS 1
| #define HAVE_SYS_TYPES_H 1
| #define HAVE_SYS_STAT_H 1
| #define HAVE_STDLIB_H 1
| #define HAVE_STRING_H 1
| #define HAVE_MEMORY_H 1
| #define HAVE_STRINGS_H 1
| #define HAVE_INTTYPES_H 1
| #define HAVE_STDINT_H 1
| #define HAVE_UNISTD_H 1
| #define HAVE_DLFCN_H 1
| #define LT_OBJDIR ".libs/"
| #define HAVE_GETOPT_H 1
| #define HAVE_U_INT32_T 1
| #define HAVE_U_INT16_T 1
| #define HAVE_INT32_T 1
| #define HAVE_INT16_T 1
| #define HAVE_STRCASECMP 1
| #define HAVE_DECL_MP4CREATE 0
| #define HAVE_DECL_MP4METADATADELETE 0
| #define HAVE_LIBMP4V2 1
| /* end confdefs.h.  */
| #ifndef __APPLE_CC__
| 	       not a universal capable compiler
| 	     #endif
| 	     typedef int dummy;
| 
configure:16057: gcc -c -O2 -Wall  conftest.c >&5
configure:16057: $? = 0
configure:16075: gcc -c -O2 -Wall  conftest.c >&5
conftest.c: In function 'main':
conftest.c:39:4: error: unknown type name 'not'; did you mean 'ino_t'?
   39 |    not big endian
      |    ^~~
      |    ino_t
conftest.c:39:12: error: expected '=', ',', ';', 'asm' or '__attribute__' before 'endian'
   39 |    not big endian
      |            ^~~~~~
configure:16075: $? = 1
configure: failed program was:
| /* confdefs.h */
| #define PACKAGE_NAME "FAAC"
| #define PACKAGE_TARNAME "faac"
| #define PACKAGE_VERSION "1.28"
| #define PACKAGE_STRING "FAAC 1.28"
| #define PACKAGE_BUGREPORT "faac-dev@lists.sourceforge.net"
| #define PACKAGE_URL ""
| #define PACKAGE "faac"
| #define VERSION "1.28"
| #define STDC_HEADERS 1
| #define HAVE_SYS_TYPES_H 1
| #define HAVE_SYS_STAT_H 1
| #define HAVE_STDLIB_H 1
| #define HAVE_STRING_H 1
| #define HAVE_MEMORY_H 1
| #define HAVE_STRINGS_H 1
| #define HAVE_INTTYPES_H 1
| #define HAVE_STDINT_H 1
| #define HAVE_UNISTD_H 1
| #define HAVE_DLFCN_H 1
| #define LT_OBJDIR ".libs/"
| #define HAVE_GETOPT_H 1
| #define HAVE_U_INT32_T 1
| #define HAVE_U_INT16_T 1
| #define HAVE_INT32_T 1
| #define HAVE_INT16_T 1
| #define HAVE_STRCASECMP 1
| #define HAVE_DECL_MP4CREATE 0
| #define HAVE_DECL_MP4METADATADELETE 0
| #define HAVE_LIBMP4V2 1
| /* end confdefs.h.  */
| #include <sys/types.h>
| 		#include <sys/param.h>
| 
| int
| main ()
| {
| #if BYTE_ORDER != BIG_ENDIAN
| 		 not big endian
| 		#endif
| 
|   ;
|   return 0;
| }
configure:16203: result: no
configure:16222: checking for ANSI C header files
configure:16326: result: yes
configure:16341: checking for special C compiler options needed for large files
configure:16386: result: no
configure:16392: checking for _FILE_OFFSET_BITS value needed for large files
configure:16417: gcc -c -O2 -Wall  conftest.c >&5
configure:16417: $? = 0
configure:16449: result: no
configure:16537: checking for stdint.h
configure:16537: result: yes
configure:16537: checking for inttypes.h
configure:16537: result: yes
configure:16549: checking mathf.h usability
configure:16549: gcc -c -O2 -Wall  conftest.c >&5
conftest.c:68:10: fatal error: mathf.h: No such file or directory
   68 | #include <mathf.h>
      |          ^~~~~~~~~
compilation terminated.
configure:16549: $? = 1
configure: failed program was:
| /* confdefs.h */
| #define PACKAGE_NAME "FAAC"
| #define PACKAGE_TARNAME "faac"
| #define PACKAGE_VERSION "1.28"
| #define PACKAGE_STRING "FAAC 1.28"
| #define PACKAGE_BUGREPORT "faac-dev@lists.sourceforge.net"
| #define PACKAGE_URL ""
| #define PACKAGE "faac"
| #define VERSION "1.28"
| #define STDC_HEADERS 1
| #define HAVE_SYS_TYPES_H 1
| #define HAVE_SYS_STAT_H 1
| #define HAVE_STDLIB_H 1
| #define HAVE_STRING_H 1
| #define HAVE_MEMORY_H 1
| #define HAVE_STRINGS_H 1
| #define HAVE_INTTYPES_H 1
| #define HAVE_STDINT_H 1
| #define HAVE_UNISTD_H 1
| #define HAVE_DLFCN_H 1
| #define LT_OBJDIR ".libs/"
| #define HAVE_GETOPT_H 1
| #define HAVE_U_INT32_T 1
| #define HAVE_U_INT16_T 1
| #define HAVE_INT32_T 1
| #define HAVE_INT16_T 1
| #define HAVE_STRCASECMP 1
| #define HAVE_DECL_MP4CREATE 0
| #define HAVE_DECL_MP4METADATADELETE 0
| #define HAVE_LIBMP4V2 1
| #define STDC_HEADERS 1
| #define HAVE_STDINT_H 1
| #define HAVE_INTTYPES_H 1
| /* end confdefs.h.  */
| #include <stdio.h>
| #ifdef HAVE_SYS_TYPES_H
| # include <sys/types.h>
| #endif
| #ifdef HAVE_SYS_STAT_H
| # include <sys/stat.h>
| #endif
| #ifdef STDC_HEADERS
| # include <stdlib.h>
| # include <stddef.h>
| #else
| # ifdef HAVE_STDLIB_H
| #  include <stdlib.h>
| # endif
| #endif
| #ifdef HAVE_STRING_H
| # if !defined STDC_HEADERS && defined HAVE_MEMORY_H
| #  include <memory.h>
| # endif
| # include <string.h>
| #endif
| #ifdef HAVE_STRINGS_H
| # include <strings.h>
| #endif
| #ifdef HAVE_INTTYPES_H
| # include <inttypes.h>
| #endif
| #ifdef HAVE_STDINT_H
| # include <stdint.h>
| #endif
| #ifdef HAVE_UNISTD_H
| # include <unistd.h>
| #endif
| #include <mathf.h>
configure:16549: result: no
configure:16549: checking mathf.h presence
configure:16549: gcc -E  conftest.c
conftest.c:35:10: fatal error: mathf.h: No such file or directory
   35 | #include <mathf.h>
      |          ^~~~~~~~~
compilation terminated.
configure:16549: $? = 1
configure: failed program was:
| /* confdefs.h */
| #define PACKAGE_NAME "FAAC"
| #define PACKAGE_TARNAME "faac"
| #define PACKAGE_VERSION "1.28"
| #define PACKAGE_STRING "FAAC 1.28"
| #define PACKAGE_BUGREPORT "faac-dev@lists.sourceforge.net"
| #define PACKAGE_URL ""
| #define PACKAGE "faac"
| #define VERSION "1.28"
| #define STDC_HEADERS 1
| #define HAVE_SYS_TYPES_H 1
| #define HAVE_SYS_STAT_H 1
| #define HAVE_STDLIB_H 1
| #define HAVE_STRING_H 1
| #define HAVE_MEMORY_H 1
| #define HAVE_STRINGS_H 1
| #define HAVE_INTTYPES_H 1
| #define HAVE_STDINT_H 1
| #define HAVE_UNISTD_H 1
| #define HAVE_DLFCN_H 1
| #define LT_OBJDIR ".libs/"
| #define HAVE_GETOPT_H 1
| #define HAVE_U_INT32_T 1
| #define HAVE_U_INT16_T 1
| #define HAVE_INT32_T 1
| #define HAVE_INT16_T 1
| #define HAVE_STRCASECMP 1
| #define HAVE_DECL_MP4CREATE 0
| #define HAVE_DECL_MP4METADATADELETE 0
| #define HAVE_LIBMP4V2 1
| #define STDC_HEADERS 1
| #define HAVE_STDINT_H 1
| #define HAVE_INTTYPES_H 1
| /* end confdefs.h.  */
| #include <mathf.h>
configure:16549: result: no
configure:16549: checking for mathf.h
configure:16549: result: no
configure:16561: checking float.h usability
configure:16561: gcc -c -O2 -Wall  conftest.c >&5
configure:16561: $? = 0
configure:16561: result: yes
configure:16561: checking float.h presence
configure:16561: gcc -E  conftest.c
configure:16561: $? = 0
configure:16561: result: yes
configure:16561: checking for float.h
configure:16561: result: yes
configure:16571: checking whether strchr is declared
configure:16571: gcc -c -O2 -Wall  conftest.c >&5
configure:16571: $? = 0
configure:16571: result: yes
configure:16578: checking whether memcpy is declared
configure:16578: gcc -c -O2 -Wall  conftest.c >&5
configure:16578: $? = 0
configure:16578: result: yes
configure:16585: checking whether strsep is declared
configure:16585: gcc -c -O2 -Wall  conftest.c >&5
configure:16585: $? = 0
configure:16585: result: yes
configure:16594: checking sys/time.h usability
configure:16594: gcc -c -O2 -Wall  conftest.c >&5
configure:16594: $? = 0
configure:16594: result: yes
configure:16594: checking sys/time.h presence
configure:16594: gcc -E  conftest.c
configure:16594: $? = 0
configure:16594: result: yes
configure:16594: checking for sys/time.h
configure:16594: result: yes
configure:16604: checking whether time.h and sys/time.h may both be included
configure:16624: gcc -c -O2 -Wall  conftest.c >&5
configure:16624: $? = 0
configure:16631: result: yes
configure:16639: checking for off_t
configure:16639: gcc -c -O2 -Wall  conftest.c >&5
configure:16639: $? = 0
configure:16639: gcc -c -O2 -Wall  conftest.c >&5
conftest.c: In function 'main':
conftest.c:77:20: error: expected expression before ')' token
   77 | if (sizeof ((off_t)))
      |                    ^
configure:16639: $? = 1
configure: failed program was:
| /* confdefs.h */
| #define PACKAGE_NAME "FAAC"
| #define PACKAGE_TARNAME "faac"
| #define PACKAGE_VERSION "1.28"
| #define PACKAGE_STRING "FAAC 1.28"
| #define PACKAGE_BUGREPORT "faac-dev@lists.sourceforge.net"
| #define PACKAGE_URL ""
| #define PACKAGE "faac"
| #define VERSION "1.28"
| #define STDC_HEADERS 1
| #define HAVE_SYS_TYPES_H 1
| #define HAVE_SYS_STAT_H 1
| #define HAVE_STDLIB_H 1
| #define HAVE_STRING_H 1
| #define HAVE_MEMORY_H 1
| #define HAVE_STRINGS_H 1
| #define HAVE_INTTYPES_H 1
| #define HAVE_STDINT_H 1
| #define HAVE_UNISTD_H 1
| #define HAVE_DLFCN_H 1
| #define LT_OBJDIR ".libs/"
| #define HAVE_GETOPT_H 1
| #define HAVE_U_INT32_T 1
| #define HAVE_U_INT16_T 1
| #define HAVE_INT32_T 1
| #define HAVE_INT16_T 1
| #define HAVE_STRCASECMP 1
| #define HAVE_DECL_MP4CREATE 0
| #define HAVE_DECL_MP4METADATADELETE 0
| #define HAVE_LIBMP4V2 1
| #define STDC_HEADERS 1
| #define HAVE_STDINT_H 1
| #define HAVE_INTTYPES_H 1
| #define HAVE_FLOAT_H 1
| #define HAVE_STRCHR 1
| #define HAVE_MEMCPY 1
| #define HAVE_STRSEP 1
| #define HAVE_SYS_TIME_H 1
| #define TIME_WITH_SYS_TIME 1
| /* end confdefs.h.  */
| #include <stdio.h>
| #ifdef HAVE_SYS_TYPES_H
| # include <sys/types.h>
| #endif
| #ifdef HAVE_SYS_STAT_H
| # include <sys/stat.h>
| #endif
| #ifdef STDC_HEADERS
| # include <stdlib.h>
| # include <stddef.h>
| #else
| # ifdef HAVE_STDLIB_H
| #  include <stdlib.h>
| # endif
| #endif
| #ifdef HAVE_STRING_H
| # if !defined STDC_HEADERS && defined HAVE_MEMORY_H
| #  include <memory.h>
| # endif
| # include <string.h>
| #endif
| #ifdef HAVE_STRINGS_H
| # include <strings.h>
| #endif
| #ifdef HAVE_INTTYPES_H
| # include <inttypes.h>
| #endif
| #ifdef HAVE_STDINT_H
| # include <stdint.h>
| #endif
| #ifdef HAVE_UNISTD_H
| # include <unistd.h>
| #endif
| int
| main ()
| {
| if (sizeof ((off_t)))
| 	    return 0;
|   ;
|   return 0;
| }
configure:16639: result: yes
configure:16650: checking for in_port_t
configure:16650: gcc -c -O2 -Wall  conftest.c >&5
configure:16650: $? = 0
configure:16650: gcc -c -O2 -Wall  conftest.c >&5
conftest.c: In function 'main':
conftest.c:48:24: error: expected expression before ')' token
   48 | if (sizeof ((in_port_t)))
      |                        ^
configure:16650: $? = 1
configure: failed program was:
| /* confdefs.h */
| #define PACKAGE_NAME "FAAC"
| #define PACKAGE_TARNAME "faac"
| #define PACKAGE_VERSION "1.28"
| #define PACKAGE_STRING "FAAC 1.28"
| #define PACKAGE_BUGREPORT "faac-dev@lists.sourceforge.net"
| #define PACKAGE_URL ""
| #define PACKAGE "faac"
| #define VERSION "1.28"
| #define STDC_HEADERS 1
| #define HAVE_SYS_TYPES_H 1
| #define HAVE_SYS_STAT_H 1
| #define HAVE_STDLIB_H 1
| #define HAVE_STRING_H 1
| #define HAVE_MEMORY_H 1
| #define HAVE_STRINGS_H 1
| #define HAVE_INTTYPES_H 1
| #define HAVE_STDINT_H 1
| #define HAVE_UNISTD_H 1
| #define HAVE_DLFCN_H 1
| #define LT_OBJDIR ".libs/"
| #define HAVE_GETOPT_H 1
| #define HAVE_U_INT32_T 1
| #define HAVE_U_INT16_T 1
| #define HAVE_INT32_T 1
| #define HAVE_INT16_T 1
| #define HAVE_STRCASECMP 1
| #define HAVE_DECL_MP4CREATE 0
| #define HAVE_DECL_MP4METADATADELETE 0
| #define HAVE_LIBMP4V2 1
| #define STDC_HEADERS 1
| #define HAVE_STDINT_H 1
| #define HAVE_INTTYPES_H 1
| #define HAVE_FLOAT_H 1
| #define HAVE_STRCHR 1
| #define HAVE_MEMCPY 1
| #define HAVE_STRSEP 1
| #define HAVE_SYS_TIME_H 1
| #define TIME_WITH_SYS_TIME 1
| /* end confdefs.h.  */
| #include <sys/types.h>
| 	 #include <sys/socket.h>
| 	 #include <netinet/in.h>
| 
| int
| main ()
| {
| if (sizeof ((in_port_t)))
| 	    return 0;
|   ;
|   return 0;
| }
configure:16650: result: yes
configure:16662: checking for socklen_t
configure:16662: gcc -c -O2 -Wall  conftest.c >&5
configure:16662: $? = 0
configure:16662: gcc -c -O2 -Wall  conftest.c >&5
conftest.c: In function 'main':
conftest.c:49:24: error: expected expression before ')' token
   49 | if (sizeof ((socklen_t)))
      |                        ^
configure:16662: $? = 1
configure: failed program was:
| /* confdefs.h */
| #define PACKAGE_NAME "FAAC"
| #define PACKAGE_TARNAME "faac"
| #define PACKAGE_VERSION "1.28"
| #define PACKAGE_STRING "FAAC 1.28"
| #define PACKAGE_BUGREPORT "faac-dev@lists.sourceforge.net"
| #define PACKAGE_URL ""
| #define PACKAGE "faac"
| #define VERSION "1.28"
| #define STDC_HEADERS 1
| #define HAVE_SYS_TYPES_H 1
| #define HAVE_SYS_STAT_H 1
| #define HAVE_STDLIB_H 1
| #define HAVE_STRING_H 1
| #define HAVE_MEMORY_H 1
| #define HAVE_STRINGS_H 1
| #define HAVE_INTTYPES_H 1
| #define HAVE_STDINT_H 1
| #define HAVE_UNISTD_H 1
| #define HAVE_DLFCN_H 1
| #define LT_OBJDIR ".libs/"
| #define HAVE_GETOPT_H 1
| #define HAVE_U_INT32_T 1
| #define HAVE_U_INT16_T 1
| #define HAVE_INT32_T 1
| #define HAVE_INT16_T 1
| #define HAVE_STRCASECMP 1
| #define HAVE_DECL_MP4CREATE 0
| #define HAVE_DECL_MP4METADATADELETE 0
| #define HAVE_LIBMP4V2 1
| #define STDC_HEADERS 1
| #define HAVE_STDINT_H 1
| #define HAVE_INTTYPES_H 1
| #define HAVE_FLOAT_H 1
| #define HAVE_STRCHR 1
| #define HAVE_MEMCPY 1
| #define HAVE_STRSEP 1
| #define HAVE_SYS_TIME_H 1
| #define TIME_WITH_SYS_TIME 1
| #define HAVE_IN_PORT_T 1
| /* end confdefs.h.  */
| #include <sys/types.h>
| 	 #include <sys/socket.h>
| 	 #include <netinet/in.h>
| 
| int
| main ()
| {
| if (sizeof ((socklen_t)))
| 	    return 0;
|   ;
|   return 0;
| }
configure:16662: result: yes
configure:16675: checking for fpos_t.__pos
configure:16675: gcc -c -O2 -Wall  conftest.c >&5
conftest.c: In function 'main':
conftest.c:49:12: error: request for member '__pos' in something not a structure or union
   49 | if (ac_aggr.__pos)
      |            ^
conftest.c:48:15: warning: variable 'ac_aggr' set but not used [-Wunused-but-set-variable]
   48 | static fpos_t ac_aggr;
      |               ^~~~~~~
configure:16675: $? = 1
configure: failed program was:
| /* confdefs.h */
| #define PACKAGE_NAME "FAAC"
| #define PACKAGE_TARNAME "faac"
| #define PACKAGE_VERSION "1.28"
| #define PACKAGE_STRING "FAAC 1.28"
| #define PACKAGE_BUGREPORT "faac-dev@lists.sourceforge.net"
| #define PACKAGE_URL ""
| #define PACKAGE "faac"
| #define VERSION "1.28"
| #define STDC_HEADERS 1
| #define HAVE_SYS_TYPES_H 1
| #define HAVE_SYS_STAT_H 1
| #define HAVE_STDLIB_H 1
| #define HAVE_STRING_H 1
| #define HAVE_MEMORY_H 1
| #define HAVE_STRINGS_H 1
| #define HAVE_INTTYPES_H 1
| #define HAVE_STDINT_H 1
| #define HAVE_UNISTD_H 1
| #define HAVE_DLFCN_H 1
| #define LT_OBJDIR ".libs/"
| #define HAVE_GETOPT_H 1
| #define HAVE_U_INT32_T 1
| #define HAVE_U_INT16_T 1
| #define HAVE_INT32_T 1
| #define HAVE_INT16_T 1
| #define HAVE_STRCASECMP 1
| #define HAVE_DECL_MP4CREATE 0
| #define HAVE_DECL_MP4METADATADELETE 0
| #define HAVE_LIBMP4V2 1
| #define STDC_HEADERS 1
| #define HAVE_STDINT_H 1
| #define HAVE_INTTYPES_H 1
| #define HAVE_FLOAT_H 1
| #define HAVE_STRCHR 1
| #define HAVE_MEMCPY 1
| #define HAVE_STRSEP 1
| #define HAVE_SYS_TIME_H 1
| #define TIME_WITH_SYS_TIME 1
| #define HAVE_IN_PORT_T 1
| #define HAVE_SOCKLEN_T 1
| /* end confdefs.h.  */
| #include <stdio.h>
| 
| int
| main ()
| {
| static fpos_t ac_aggr;
| if (ac_aggr.__pos)
| return 0;
|   ;
|   return 0;
| }
configure:16675: gcc -c -O2 -Wall  conftest.c >&5
conftest.c: In function 'main':
conftest.c:49:19: error: request for member '__pos' in something not a structure or union
   49 | if (sizeof ac_aggr.__pos)
      |                   ^
conftest.c:48:15: warning: variable 'ac_aggr' set but not used [-Wunused-but-set-variable]
   48 | static fpos_t ac_aggr;
      |               ^~~~~~~
configure:16675: $? = 1
configure: failed program was:
| /* confdefs.h */
| #define PACKAGE_NAME "FAAC"
| #define PACKAGE_TARNAME "faac"
| #define PACKAGE_VERSION "1.28"
| #define PACKAGE_STRING "FAAC 1.28"
| #define PACKAGE_BUGREPORT "faac-dev@lists.sourceforge.net"
| #define PACKAGE_URL ""
| #define PACKAGE "faac"
| #define VERSION "1.28"
| #define STDC_HEADERS 1
| #define HAVE_SYS_TYPES_H 1
| #define HAVE_SYS_STAT_H 1
| #define HAVE_STDLIB_H 1
| #define HAVE_STRING_H 1
| #define HAVE_MEMORY_H 1
| #define HAVE_STRINGS_H 1
| #define HAVE_INTTYPES_H 1
| #define HAVE_STDINT_H 1
| #define HAVE_UNISTD_H 1
| #define HAVE_DLFCN_H 1
| #define LT_OBJDIR ".libs/"
| #define HAVE_GETOPT_H 1
| #define HAVE_U_INT32_T 1
| #define HAVE_U_INT16_T 1
| #define HAVE_INT32_T 1
| #define HAVE_INT16_T 1
| #define HAVE_STRCASECMP 1
| #define HAVE_DECL_MP4CREATE 0
| #define HAVE_DECL_MP4METADATADELETE 0
| #define HAVE_LIBMP4V2 1
| #define STDC_HEADERS 1
| #define HAVE_STDINT_H 1
| #define HAVE_INTTYPES_H 1
| #define HAVE_FLOAT_H 1
| #define HAVE_STRCHR 1
| #define HAVE_MEMCPY 1
| #define HAVE_STRSEP 1
| #define HAVE_SYS_TIME_H 1
| #define TIME_WITH_SYS_TIME 1
| #define HAVE_IN_PORT_T 1
| #define HAVE_SOCKLEN_T 1
| /* end confdefs.h.  */
| #include <stdio.h>
| 
| int
| main ()
| {
| static fpos_t ac_aggr;
| if (sizeof ac_aggr.__pos)
| return 0;
|   ;
|   return 0;
| }
configure:16675: result: no
configure:16832: creating ./config.status

## ---------------------- ##
## Running config.status. ##
## ---------------------- ##

This file was extended by FAAC config.status 1.28, which was
generated by GNU Autoconf 2.69.  Invocation command line was

  CONFIG_FILES    = 
  CONFIG_HEADERS  = 
  CONFIG_LINKS    = 
  CONFIG_COMMANDS = 
  $ ./config.status 

on dn-cygwin1

config.status:1191: creating common/Makefile
config.status:1191: creating common/mp4v2/Makefile
config.status:1191: creating libfaac/Makefile
config.status:1191: creating frontend/Makefile
config.status:1191: creating include/Makefile
config.status:1191: creating Makefile
config.status:1191: creating config.h
config.status:1425: linking config.h to common/mp4v2/mpeg4ip_config.h
config.status:1444: executing depfiles commands
config.status:1444: executing libtool commands

## ---------------- ##
## Cache variables. ##
## ---------------- ##

ac_cv_build=i686-pc-cygwin
ac_cv_c_bigendian=no
ac_cv_c_compiler_gnu=yes
ac_cv_cxx_compiler_gnu=yes
ac_cv_env_CCC_set=
ac_cv_env_CCC_value=
ac_cv_env_CC_set=
ac_cv_env_CC_value=
ac_cv_env_CFLAGS_set=
ac_cv_env_CFLAGS_value=
ac_cv_env_CPPFLAGS_set=
ac_cv_env_CPPFLAGS_value=
ac_cv_env_CPP_set=
ac_cv_env_CPP_value=
ac_cv_env_CXXCPP_set=
ac_cv_env_CXXCPP_value=
ac_cv_env_CXXFLAGS_set=
ac_cv_env_CXXFLAGS_value=
ac_cv_env_CXX_set=
ac_cv_env_CXX_value=
ac_cv_env_LDFLAGS_set=
ac_cv_env_LDFLAGS_value=
ac_cv_env_LIBS_set=
ac_cv_env_LIBS_value=
ac_cv_env_LT_SYS_LIBRARY_PATH_set=
ac_cv_env_LT_SYS_LIBRARY_PATH_value=
ac_cv_env_build_alias_set=
ac_cv_env_build_alias_value=
ac_cv_env_host_alias_set=
ac_cv_env_host_alias_value=
ac_cv_env_target_alias_set=
ac_cv_env_target_alias_value=
ac_cv_exeext=.exe
ac_cv_have_decl_MP4Create=no
ac_cv_have_decl_MP4MetadataDelete=no
ac_cv_have_decl_memcpy=yes
ac_cv_have_decl_strcasecmp=yes
ac_cv_have_decl_strchr=yes
ac_cv_have_decl_strsep=yes
ac_cv_header_dlfcn_h=yes
ac_cv_header_float_h=yes
ac_cv_header_getopt_h=yes
ac_cv_header_inttypes_h=yes
ac_cv_header_mathf_h=no
ac_cv_header_memory_h=yes
ac_cv_header_stdc=yes
ac_cv_header_stdint_h=yes
ac_cv_header_stdlib_h=yes
ac_cv_header_string_h=yes
ac_cv_header_strings_h=yes
ac_cv_header_sys_stat_h=yes
ac_cv_header_sys_time_h=yes
ac_cv_header_sys_types_h=yes
ac_cv_header_time=yes
ac_cv_header_unistd_h=yes
ac_cv_host=i686-pc-cygwin
ac_cv_lib_gnugetopt_getopt_long=no
ac_cv_member_fpos_t___pos=no
ac_cv_objext=o
ac_cv_path_EGREP='/usr/bin/grep -E'
ac_cv_path_FGREP='/usr/bin/grep -F'
ac_cv_path_GREP=/usr/bin/grep
ac_cv_path_SED=/usr/bin/sed
ac_cv_path_install='/usr/bin/install -c'
ac_cv_path_lt_DD=/usr/bin/dd
ac_cv_prog_AWK=gawk
ac_cv_prog_CPP='gcc -E'
ac_cv_prog_CXXCPP='g++ -E'
ac_cv_prog_ac_ct_AR=ar
ac_cv_prog_ac_ct_CC=gcc
ac_cv_prog_ac_ct_CXX=g++
ac_cv_prog_ac_ct_DLLTOOL=dlltool
ac_cv_prog_ac_ct_OBJDUMP=objdump
ac_cv_prog_ac_ct_RANLIB=ranlib
ac_cv_prog_ac_ct_STRIP=strip
ac_cv_prog_cc_c89=
ac_cv_prog_cc_g=yes
ac_cv_prog_cxx_g=yes
ac_cv_prog_make_make_set=yes
ac_cv_sys_file_offset_bits=no
ac_cv_sys_largefile_CC=no
ac_cv_type_in_port_t=yes
ac_cv_type_int16_t=yes
ac_cv_type_int32_t=yes
ac_cv_type_off_t=yes
ac_cv_type_socklen_t=yes
ac_cv_type_u_int16_t=yes
ac_cv_type_u_int32_t=yes
am_cv_CC_dependencies_compiler_type=gcc3
am_cv_CXX_dependencies_compiler_type=gcc3
lt_cv_ar_at_file=@
lt_cv_archive_cmds_need_lc=yes
lt_cv_deplibs_check_method='file_magic ^x86 archive import|^x86 DLL'
lt_cv_file_magic_cmd=func_win32_libid
lt_cv_file_magic_test_file=
lt_cv_ld_reload_flag=-r
lt_cv_nm_interface='BSD nm'
lt_cv_objdir=.libs
lt_cv_path_LD=/usr/i686-pc-cygwin/bin/ld.exe
lt_cv_path_LDCXX=/usr/i686-pc-cygwin/bin/ld.exe
lt_cv_path_NM='/usr/bin/nm -B'
lt_cv_path_mainfest_tool=no
lt_cv_prog_compiler_c_o=yes
lt_cv_prog_compiler_c_o_CXX=yes
lt_cv_prog_compiler_pic='-DDLL_EXPORT -DPIC'
lt_cv_prog_compiler_pic_CXX='-DDLL_EXPORT -DPIC'
lt_cv_prog_compiler_pic_works=yes
lt_cv_prog_compiler_pic_works_CXX=yes
lt_cv_prog_compiler_rtti_exceptions=no
lt_cv_prog_compiler_static_works=yes
lt_cv_prog_compiler_static_works_CXX=yes
lt_cv_prog_gnu_ld=yes
lt_cv_prog_gnu_ldcxx=yes
lt_cv_sharedlib_from_linklib_cmd=func_cygming_dll_for_implib
lt_cv_sys_global_symbol_pipe='sed -n -e '\''s/^.*[	 ]\([ABCDGIRSTW][ABCDGIRSTW]*\)[	 ][	 ]*_\([_A-Za-z][_A-Za-z0-9]*\)$/\1 _\2 \2/p'\'' | sed '\''/ __gnu_lto/d'\'''
lt_cv_sys_global_symbol_to_c_name_address='sed -n -e '\''s/^: \(.*\) .*$/  {"\1", (void *) 0},/p'\'' -e '\''s/^[ABCDGIRSTW][ABCDGIRSTW]* .* \(.*\)$/  {"\1", (void *) \&\1},/p'\'''
lt_cv_sys_global_symbol_to_c_name_address_lib_prefix='sed -n -e '\''s/^: \(.*\) .*$/  {"\1", (void *) 0},/p'\'' -e '\''s/^[ABCDGIRSTW][ABCDGIRSTW]* .* \(lib.*\)$/  {"\1", (void *) \&\1},/p'\'' -e '\''s/^[ABCDGIRSTW][ABCDGIRSTW]* .* \(.*\)$/  {"lib\1", (void *) \&\1},/p'\'''
lt_cv_sys_global_symbol_to_cdecl='sed -n -e '\''s/^T .* \(.*\)$/extern int \1();/p'\'' -e '\''s/^[ABCDGIRSTW][ABCDGIRSTW]* .* \(.*\)$/extern char \1;/p'\'''
lt_cv_sys_global_symbol_to_import=
lt_cv_sys_max_cmd_len=8192
lt_cv_to_host_file_cmd=func_convert_file_noop
lt_cv_to_tool_file_cmd=func_convert_file_noop
lt_cv_truncate_bin='/usr/bin/dd bs=4096 count=1'

## ----------------- ##
## Output variables. ##
## ----------------- ##

ACLOCAL='${SHELL} /cygdrive/c/git/IPA-DN-GuacdWin32/src/libfaac/faac-1.28/missing --run aclocal-1.9'
AMDEPBACKSLASH='\'
AMDEP_FALSE='#'
AMDEP_TRUE=''
AMTAR='${SHELL} /cygdrive/c/git/IPA-DN-GuacdWin32/src/libfaac/faac-1.28/missing --run tar'
AR='ar'
AUTOCONF='${SHELL} /cygdrive/c/git/IPA-DN-GuacdWin32/src/libfaac/faac-1.28/missing --run autoconf'
AUTOHEADER='${SHELL} /cygdrive/c/git/IPA-DN-GuacdWin32/src/libfaac/faac-1.28/missing --run autoheader'
AUTOMAKE='${SHELL} /cygdrive/c/git/IPA-DN-GuacdWin32/src/libfaac/faac-1.28/missing --run automake-1.9'
AWK='gawk'
CC='gcc'
CCDEPMODE='depmode=gcc3'
CFLAGS='-O2 -Wall'
CPP='gcc -E'
CPPFLAGS=''
CXX='g++'
CXXCPP='g++ -E'
CXXDEPMODE='depmode=gcc3'
CXXFLAGS='-g -O2'
CYGPATH_W='cygpath -w'
DEFS='-DHAVE_CONFIG_H'
DEPDIR='.deps'
DLLTOOL='dlltool'
DSYMUTIL=''
DUMPBIN=''
ECHO_C=''
ECHO_N='-n'
ECHO_T=''
EGREP='/usr/bin/grep -E'
EXEEXT='.exe'
FGREP='/usr/bin/grep -F'
GREP='/usr/bin/grep'
INSTALL_DATA='${INSTALL} -m 644'
INSTALL_PROGRAM='${INSTALL}'
INSTALL_SCRIPT='${INSTALL}'
INSTALL_STRIP_PROGRAM='${SHELL} $(install_sh) -c -s'
LD='/usr/i686-pc-cygwin/bin/ld.exe'
LDFLAGS=''
LIBOBJS=''
LIBS=''
LIBTOOL='$(SHELL) $(top_builddir)/libtool'
LIPO=''
LN_S='ln -s'
LTLIBOBJS=''
LT_SYS_LIBRARY_PATH=''
MAKEINFO='${SHELL} /cygdrive/c/git/IPA-DN-GuacdWin32/src/libfaac/faac-1.28/missing --run makeinfo'
MANIFEST_TOOL=':'
NM='/usr/bin/nm -B'
NMEDIT=''
OBJDUMP='objdump'
OBJEXT='o'
OTOOL64=''
OTOOL=''
PACKAGE='faac'
PACKAGE_BUGREPORT='faac-dev@lists.sourceforge.net'
PACKAGE_NAME='FAAC'
PACKAGE_STRING='FAAC 1.28'
PACKAGE_TARNAME='faac'
PACKAGE_URL=''
PACKAGE_VERSION='1.28'
PATH_SEPARATOR=':'
RANLIB='ranlib'
SED='/usr/bin/sed'
SET_MAKE=''
SHELL='/bin/sh'
STRIP='strip'
USE_DRM_FALSE=''
USE_DRM_TRUE='#'
VERSION='1.28'
WITH_MP4V2_FALSE='#'
WITH_MP4V2_TRUE=''
ac_ct_AR='ar'
ac_ct_CC='gcc'
ac_ct_CXX='g++'
ac_ct_DUMPBIN=''
am__fastdepCC_FALSE='#'
am__fastdepCC_TRUE=''
am__fastdepCXX_FALSE='#'
am__fastdepCXX_TRUE=''
am__include='include'
am__leading_dot='.'
am__quote=''
am__tar='${AMTAR} chof - "$$tardir"'
am__untar='${AMTAR} xf -'
bindir='${exec_prefix}/bin'
build='i686-pc-cygwin'
build_alias=''
build_cpu='i686'
build_os='cygwin'
build_vendor='pc'
datadir='${datarootdir}'
datarootdir='${prefix}/share'
docdir='${datarootdir}/doc/${PACKAGE_TARNAME}'
dvidir='${docdir}'
exec_prefix='${prefix}'
host='i686-pc-cygwin'
host_alias=''
host_cpu='i686'
host_os='cygwin'
host_vendor='pc'
htmldir='${docdir}'
includedir='${prefix}/include'
infodir='${datarootdir}/info'
install_sh='/cygdrive/c/git/IPA-DN-GuacdWin32/src/libfaac/faac-1.28/install-sh'
libdir='${exec_prefix}/lib'
libexecdir='${exec_prefix}/libexec'
localedir='${datarootdir}/locale'
localstatedir='/var'
mandir='${datarootdir}/man'
mkdir_p='mkdir -p --'
oldincludedir='/usr/include'
pdfdir='${docdir}'
prefix='/usr'
program_transform_name='s,x,x,'
psdir='${docdir}'
runstatedir='${localstatedir}/run'
sbindir='${exec_prefix}/sbin'
sharedstatedir='/var'
sysconfdir='/etc'
target_alias=''

## ----------- ##
## confdefs.h. ##
## ----------- ##

/* confdefs.h */
#define PACKAGE_NAME "FAAC"
#define PACKAGE_TARNAME "faac"
#define PACKAGE_VERSION "1.28"
#define PACKAGE_STRING "FAAC 1.28"
#define PACKAGE_BUGREPORT "faac-dev@lists.sourceforge.net"
#define PACKAGE_URL ""
#define PACKAGE "faac"
#define VERSION "1.28"
#define STDC_HEADERS 1
#define HAVE_SYS_TYPES_H 1
#define HAVE_SYS_STAT_H 1
#define HAVE_STDLIB_H 1
#define HAVE_STRING_H 1
#define HAVE_MEMORY_H 1
#define HAVE_STRINGS_H 1
#define HAVE_INTTYPES_H 1
#define HAVE_STDINT_H 1
#define HAVE_UNISTD_H 1
#define HAVE_DLFCN_H 1
#define LT_OBJDIR ".libs/"
#define HAVE_GETOPT_H 1
#define HAVE_U_INT32_T 1
#define HAVE_U_INT16_T 1
#define HAVE_INT32_T 1
#define HAVE_INT16_T 1
#define HAVE_STRCASECMP 1
#define HAVE_DECL_MP4CREATE 0
#define HAVE_DECL_MP4METADATADELETE 0
#define HAVE_LIBMP4V2 1
#define STDC_HEADERS 1
#define HAVE_STDINT_H 1
#define HAVE_INTTYPES_H 1
#define HAVE_FLOAT_H 1
#define HAVE_STRCHR 1
#define HAVE_MEMCPY 1
#define HAVE_STRSEP 1
#define HAVE_SYS_TIME_H 1
#define TIME_WITH_SYS_TIME 1
#define HAVE_IN_PORT_T 1
#define HAVE_SOCKLEN_T 1

configure: exit 0
